#
# There is insufficient memory for the Java Runtime Environment to continue.
# Native memory allocation (malloc) failed to allocate 1863504 bytes. Error detail: Chunk::new
# Possible reasons:
#   The system is out of physical RAM or swap space
#   This process is running with CompressedOops enabled, and the Java Heap may be blocking the growth of the native heap
# Possible solutions:
#   Reduce memory load on the system
#   Increase physical memory or swap space
#   Check if swap backing store is full
#   Decrease Java heap size (-Xmx/-Xms)
#   Decrease number of Java threads
#   Decrease Java thread stack sizes (-Xss)
#   Set larger code cache with -XX:ReservedCodeCacheSize=
#   JVM is running with Unscaled Compressed Oops mode in which the Java heap is
#     placed in the first 4GB address space. The Java Heap base address is the
#     maximum limit for the native heap growth. Please use -XX:HeapBaseMinAddress
#     to set the Java Heap base and to place the Java Heap above 4GB virtual address.
# This output file may be truncated or incomplete.
#
#  Out of Memory Error (arena.cpp:191), pid=18956, tid=13244
#
# JRE version: OpenJDK Runtime Environment OpenLogic-OpenJDK (17.0.12+7) (build 17.0.12+7-adhoc..jdk17u)
# Java VM: OpenJDK 64-Bit Server VM OpenLogic-OpenJDK (17.0.12+7-adhoc..jdk17u, mixed mode, sharing, tiered, compressed oops, compressed class ptrs, g1 gc, windows-amd64)
# No core dump will be written. Minidumps are not enabled by default on client versions of Windows
#

---------------  S U M M A R Y ------------

Command Line: C:\Users\nerea\AppData\Local\Temp\surefire10260074103330452171\surefirebooter-20241030144920634_3.jar C:\Users\nerea\AppData\Local\Temp\surefire10260074103330452171 2024-10-30T14-49-20_376-jvmRun1 surefire-20241030144920634_1tmp surefire_0-20241030144920634_2tmp

Host: 11th Gen Intel(R) Core(TM) i3-1125G4 @ 2.00GHz, 8 cores, 7G,  Windows 11 , 64 bit Build 22621 (10.0.22621.4000)
Time: Wed Oct 30 14:49:22 2024 Hora estándar de Argentina elapsed time: 1.219666 seconds (0d 0h 0m 1s)

---------------  T H R E A D  ---------------

Current thread (0x0000029575c4d760):  JavaThread "C2 CompilerThread1" daemon [_thread_in_native, id=13244, stack(0x000000ee38d00000,0x000000ee38e00000)]


Current CompileTask:
C2:   1219 1565       4       jdk.internal.org.objectweb.asm.Frame::execute (2305 bytes)

Stack: [0x000000ee38d00000,0x000000ee38e00000]
Native frames: (J=compiled Java code, j=interpreted, Vv=VM code, C=native code)
V  [jvm.dll+0x67f4f9]
V  [jvm.dll+0x836eaa]
V  [jvm.dll+0x83896e]
V  [jvm.dll+0x838fd3]
V  [jvm.dll+0x247f6f]
V  [jvm.dll+0xac9d4]
V  [jvm.dll+0xad01c]
V  [jvm.dll+0x367097]
V  [jvm.dll+0x33156a]
V  [jvm.dll+0x330a0a]
V  [jvm.dll+0x21a501]
V  [jvm.dll+0x219941]
V  [jvm.dll+0x1a57bd]
V  [jvm.dll+0x22966d]
V  [jvm.dll+0x22781c]
V  [jvm.dll+0x7ebec7]
V  [jvm.dll+0x7e62ac]
V  [jvm.dll+0x67e3c7]
C  [ucrtbase.dll+0x29333]
C  [KERNEL32.DLL+0x1257d]
C  [ntdll.dll+0x5af08]


---------------  P R O C E S S  ---------------

Threads class SMR info:
_java_thread_list=0x0000029575c58820, length=15, elements={
0x0000029556266ea0, 0x0000029575888c80, 0x0000029575889840, 0x00000295758a3fb0,
0x00000295758a4b70, 0x00000295758a8550, 0x00000295758a8f10, 0x00000295758abcc0,
0x00000295758b4c00, 0x00000295758bda10, 0x0000029575b2b840, 0x0000029575b2e3e0,
0x0000029575c4d760, 0x0000029575dfeed0, 0x0000029575bde410
}

Java Threads: ( => current thread )
  0x0000029556266ea0 JavaThread "main" [_thread_in_vm, id=16160, stack(0x000000ee37a00000,0x000000ee37b00000)]
  0x0000029575888c80 JavaThread "Reference Handler" daemon [_thread_blocked, id=2276, stack(0x000000ee38100000,0x000000ee38200000)]
  0x0000029575889840 JavaThread "Finalizer" daemon [_thread_blocked, id=21672, stack(0x000000ee38200000,0x000000ee38300000)]
  0x00000295758a3fb0 JavaThread "Signal Dispatcher" daemon [_thread_blocked, id=9552, stack(0x000000ee38300000,0x000000ee38400000)]
  0x00000295758a4b70 JavaThread "Attach Listener" daemon [_thread_blocked, id=13508, stack(0x000000ee38400000,0x000000ee38500000)]
  0x00000295758a8550 JavaThread "Service Thread" daemon [_thread_blocked, id=1872, stack(0x000000ee38500000,0x000000ee38600000)]
  0x00000295758a8f10 JavaThread "Monitor Deflation Thread" daemon [_thread_blocked, id=16648, stack(0x000000ee38600000,0x000000ee38700000)]
  0x00000295758abcc0 JavaThread "C2 CompilerThread0" daemon [_thread_blocked, id=22204, stack(0x000000ee38700000,0x000000ee38800000)]
  0x00000295758b4c00 JavaThread "C1 CompilerThread0" daemon [_thread_blocked, id=19484, stack(0x000000ee38800000,0x000000ee38900000)]
  0x00000295758bda10 JavaThread "Sweeper thread" daemon [_thread_blocked, id=16420, stack(0x000000ee38900000,0x000000ee38a00000)]
  0x0000029575b2b840 JavaThread "Notification Thread" daemon [_thread_blocked, id=13240, stack(0x000000ee38a00000,0x000000ee38b00000)]
  0x0000029575b2e3e0 JavaThread "Common-Cleaner" daemon [_thread_blocked, id=8464, stack(0x000000ee38c00000,0x000000ee38d00000)]
=>0x0000029575c4d760 JavaThread "C2 CompilerThread1" daemon [_thread_in_native, id=13244, stack(0x000000ee38d00000,0x000000ee38e00000)]
  0x0000029575dfeed0 JavaThread "surefire-forkedjvm-stream-flusher" daemon [_thread_blocked, id=11732, stack(0x000000ee38e00000,0x000000ee38f00000)]
  0x0000029575bde410 JavaThread "surefire-forkedjvm-command-thread" daemon [_thread_in_native, id=14252, stack(0x000000ee38f00000,0x000000ee39000000)]

Other Threads:
  0x00000295758839a0 VMThread "VM Thread" [stack: 0x000000ee38000000,0x000000ee38100000] [id=14020]
  0x0000029575b2e140 WatcherThread [stack: 0x000000ee38b00000,0x000000ee38c00000] [id=17560]
  0x00000295562c25e0 GCTaskThread "GC Thread#0" [stack: 0x000000ee37b00000,0x000000ee37c00000] [id=11364]
  0x0000029575bc6300 GCTaskThread "GC Thread#1" [stack: 0x000000ee39000000,0x000000ee39100000] [id=15356]
  0x0000029575bc6b40 GCTaskThread "GC Thread#2" [stack: 0x000000ee39100000,0x000000ee39200000] [id=17600]
  0x0000029575bc7bc0 GCTaskThread "GC Thread#3" [stack: 0x000000ee39200000,0x000000ee39300000] [id=15008]
  0x0000029575bc7640 GCTaskThread "GC Thread#4" [stack: 0x000000ee39300000,0x000000ee39400000] [id=10988]
  0x0000029575bc6e00 GCTaskThread "GC Thread#5" [stack: 0x000000ee39400000,0x000000ee39500000] [id=13928]
  0x0000029575bc70c0 GCTaskThread "GC Thread#6" [stack: 0x000000ee39500000,0x000000ee39600000] [id=4712]
  0x0000029575bc7380 GCTaskThread "GC Thread#7" [stack: 0x000000ee39600000,0x000000ee39700000] [id=19276]
  0x00000295562d3480 ConcurrentGCThread "G1 Main Marker" [stack: 0x000000ee37c00000,0x000000ee37d00000] [id=128]
  0x00000295562d4640 ConcurrentGCThread "G1 Conc#0" [stack: 0x000000ee37d00000,0x000000ee37e00000] [id=20556]
  0x00000295757420d0 ConcurrentGCThread "G1 Refine#0" [stack: 0x000000ee37e00000,0x000000ee37f00000] [id=14340]
  0x0000029575742b00 ConcurrentGCThread "G1 Service" [stack: 0x000000ee37f00000,0x000000ee38000000] [id=20344]

Threads with active compile tasks:
C1 CompilerThread0     1251 1662       3       java.lang.invoke.VarHandleGuards::guard_LL_V (125 bytes)
C2 CompilerThread1     1251 1565       4       jdk.internal.org.objectweb.asm.Frame::execute (2305 bytes)

VM state: not at safepoint (normal execution)

VM Mutex/Monitor currently owned by a thread: None

Heap address: 0x0000000083600000, size: 1994 MB, Compressed Oops mode: 32-bit

CDS archive(s) mapped at: [0x0000029500000000-0x0000029500bc0000-0x0000029500bc0000), size 12320768, SharedBaseAddress: 0x0000029500000000, ArchiveRelocationMode: 1.
Compressed class space mapped at: 0x0000029501000000-0x0000029541000000, reserved size: 1073741824
Narrow klass base: 0x0000029500000000, Narrow klass shift: 0, Narrow klass range: 0x100000000

GC Precious Log:
 CPUs: 8 total, 8 available
 Memory: 7975M
 Large Page Support: Disabled
 NUMA Support: Disabled
 Compressed Oops: Enabled (32-bit)
 Heap Region Size: 1M
 Heap Min Capacity: 8M
 Heap Initial Capacity: 126M
 Heap Max Capacity: 1994M
 Pre-touch: Disabled
 Parallel Workers: 8
 Concurrent Workers: 2
 Concurrent Refinement Workers: 8
 Periodic GC: Disabled

Heap:
 garbage-first heap   total 129024K, used 25291K [0x0000000083600000, 0x0000000100000000)
  region size 1024K, 23 young (23552K), 3 survivors (3072K)
 Metaspace       used 10578K, committed 10752K, reserved 1114112K
  class space    used 1327K, committed 1408K, reserved 1048576K

Heap Regions: E=young(eden), S=young(survivor), O=old, HS=humongous(starts), HC=humongous(continues), CS=collection set, F=free, OA=open archive, CA=closed archive, TAMS=top-at-mark-start (previous, next)
|   0|0x0000000083600000, 0x0000000083700000, 0x0000000083700000|100%| O|  |TAMS 0x0000000083600000, 0x0000000083600000| Untracked 
|   1|0x0000000083700000, 0x0000000083800000, 0x0000000083800000|100%| O|  |TAMS 0x0000000083700000, 0x0000000083700000| Untracked 
|   2|0x0000000083800000, 0x00000000838b2c00, 0x0000000083900000| 69%| O|  |TAMS 0x0000000083800000, 0x0000000083800000| Untracked 
|   3|0x0000000083900000, 0x0000000083900000, 0x0000000083a00000|  0%| F|  |TAMS 0x0000000083900000, 0x0000000083900000| Untracked 
|   4|0x0000000083a00000, 0x0000000083a00000, 0x0000000083b00000|  0%| F|  |TAMS 0x0000000083a00000, 0x0000000083a00000| Untracked 
|   5|0x0000000083b00000, 0x0000000083b00000, 0x0000000083c00000|  0%| F|  |TAMS 0x0000000083b00000, 0x0000000083b00000| Untracked 
|   6|0x0000000083c00000, 0x0000000083c00000, 0x0000000083d00000|  0%| F|  |TAMS 0x0000000083c00000, 0x0000000083c00000| Untracked 
|   7|0x0000000083d00000, 0x0000000083d00000, 0x0000000083e00000|  0%| F|  |TAMS 0x0000000083d00000, 0x0000000083d00000| Untracked 
|   8|0x0000000083e00000, 0x0000000083e00000, 0x0000000083f00000|  0%| F|  |TAMS 0x0000000083e00000, 0x0000000083e00000| Untracked 
|   9|0x0000000083f00000, 0x0000000083f00000, 0x0000000084000000|  0%| F|  |TAMS 0x0000000083f00000, 0x0000000083f00000| Untracked 
|  10|0x0000000084000000, 0x0000000084000000, 0x0000000084100000|  0%| F|  |TAMS 0x0000000084000000, 0x0000000084000000| Untracked 
|  11|0x0000000084100000, 0x0000000084100000, 0x0000000084200000|  0%| F|  |TAMS 0x0000000084100000, 0x0000000084100000| Untracked 
|  12|0x0000000084200000, 0x0000000084200000, 0x0000000084300000|  0%| F|  |TAMS 0x0000000084200000, 0x0000000084200000| Untracked 
|  13|0x0000000084300000, 0x0000000084300000, 0x0000000084400000|  0%| F|  |TAMS 0x0000000084300000, 0x0000000084300000| Untracked 
|  14|0x0000000084400000, 0x0000000084400000, 0x0000000084500000|  0%| F|  |TAMS 0x0000000084400000, 0x0000000084400000| Untracked 
|  15|0x0000000084500000, 0x0000000084500000, 0x0000000084600000|  0%| F|  |TAMS 0x0000000084500000, 0x0000000084500000| Untracked 
|  16|0x0000000084600000, 0x0000000084600000, 0x0000000084700000|  0%| F|  |TAMS 0x0000000084600000, 0x0000000084600000| Untracked 
|  17|0x0000000084700000, 0x0000000084700000, 0x0000000084800000|  0%| F|  |TAMS 0x0000000084700000, 0x0000000084700000| Untracked 
|  18|0x0000000084800000, 0x0000000084800000, 0x0000000084900000|  0%| F|  |TAMS 0x0000000084800000, 0x0000000084800000| Untracked 
|  19|0x0000000084900000, 0x0000000084900000, 0x0000000084a00000|  0%| F|  |TAMS 0x0000000084900000, 0x0000000084900000| Untracked 
|  20|0x0000000084a00000, 0x0000000084a00000, 0x0000000084b00000|  0%| F|  |TAMS 0x0000000084a00000, 0x0000000084a00000| Untracked 
|  21|0x0000000084b00000, 0x0000000084b00000, 0x0000000084c00000|  0%| F|  |TAMS 0x0000000084b00000, 0x0000000084b00000| Untracked 
|  22|0x0000000084c00000, 0x0000000084c00000, 0x0000000084d00000|  0%| F|  |TAMS 0x0000000084c00000, 0x0000000084c00000| Untracked 
|  23|0x0000000084d00000, 0x0000000084d00000, 0x0000000084e00000|  0%| F|  |TAMS 0x0000000084d00000, 0x0000000084d00000| Untracked 
|  24|0x0000000084e00000, 0x0000000084e00000, 0x0000000084f00000|  0%| F|  |TAMS 0x0000000084e00000, 0x0000000084e00000| Untracked 
|  25|0x0000000084f00000, 0x0000000084f00000, 0x0000000085000000|  0%| F|  |TAMS 0x0000000084f00000, 0x0000000084f00000| Untracked 
|  26|0x0000000085000000, 0x0000000085000000, 0x0000000085100000|  0%| F|  |TAMS 0x0000000085000000, 0x0000000085000000| Untracked 
|  27|0x0000000085100000, 0x0000000085100000, 0x0000000085200000|  0%| F|  |TAMS 0x0000000085100000, 0x0000000085100000| Untracked 
|  28|0x0000000085200000, 0x0000000085200000, 0x0000000085300000|  0%| F|  |TAMS 0x0000000085200000, 0x0000000085200000| Untracked 
|  29|0x0000000085300000, 0x0000000085300000, 0x0000000085400000|  0%| F|  |TAMS 0x0000000085300000, 0x0000000085300000| Untracked 
|  30|0x0000000085400000, 0x0000000085400000, 0x0000000085500000|  0%| F|  |TAMS 0x0000000085400000, 0x0000000085400000| Untracked 
|  31|0x0000000085500000, 0x0000000085500000, 0x0000000085600000|  0%| F|  |TAMS 0x0000000085500000, 0x0000000085500000| Untracked 
|  32|0x0000000085600000, 0x0000000085600000, 0x0000000085700000|  0%| F|  |TAMS 0x0000000085600000, 0x0000000085600000| Untracked 
|  33|0x0000000085700000, 0x0000000085700000, 0x0000000085800000|  0%| F|  |TAMS 0x0000000085700000, 0x0000000085700000| Untracked 
|  34|0x0000000085800000, 0x0000000085800000, 0x0000000085900000|  0%| F|  |TAMS 0x0000000085800000, 0x0000000085800000| Untracked 
|  35|0x0000000085900000, 0x0000000085900000, 0x0000000085a00000|  0%| F|  |TAMS 0x0000000085900000, 0x0000000085900000| Untracked 
|  36|0x0000000085a00000, 0x0000000085a00000, 0x0000000085b00000|  0%| F|  |TAMS 0x0000000085a00000, 0x0000000085a00000| Untracked 
|  37|0x0000000085b00000, 0x0000000085b00000, 0x0000000085c00000|  0%| F|  |TAMS 0x0000000085b00000, 0x0000000085b00000| Untracked 
|  38|0x0000000085c00000, 0x0000000085c00000, 0x0000000085d00000|  0%| F|  |TAMS 0x0000000085c00000, 0x0000000085c00000| Untracked 
|  39|0x0000000085d00000, 0x0000000085d00000, 0x0000000085e00000|  0%| F|  |TAMS 0x0000000085d00000, 0x0000000085d00000| Untracked 
|  40|0x0000000085e00000, 0x0000000085e00000, 0x0000000085f00000|  0%| F|  |TAMS 0x0000000085e00000, 0x0000000085e00000| Untracked 
|  41|0x0000000085f00000, 0x0000000085f00000, 0x0000000086000000|  0%| F|  |TAMS 0x0000000085f00000, 0x0000000085f00000| Untracked 
|  42|0x0000000086000000, 0x0000000086000000, 0x0000000086100000|  0%| F|  |TAMS 0x0000000086000000, 0x0000000086000000| Untracked 
|  43|0x0000000086100000, 0x0000000086100000, 0x0000000086200000|  0%| F|  |TAMS 0x0000000086100000, 0x0000000086100000| Untracked 
|  44|0x0000000086200000, 0x0000000086200000, 0x0000000086300000|  0%| F|  |TAMS 0x0000000086200000, 0x0000000086200000| Untracked 
|  45|0x0000000086300000, 0x0000000086300000, 0x0000000086400000|  0%| F|  |TAMS 0x0000000086300000, 0x0000000086300000| Untracked 
|  46|0x0000000086400000, 0x0000000086400000, 0x0000000086500000|  0%| F|  |TAMS 0x0000000086400000, 0x0000000086400000| Untracked 
|  47|0x0000000086500000, 0x0000000086500000, 0x0000000086600000|  0%| F|  |TAMS 0x0000000086500000, 0x0000000086500000| Untracked 
|  48|0x0000000086600000, 0x0000000086600000, 0x0000000086700000|  0%| F|  |TAMS 0x0000000086600000, 0x0000000086600000| Untracked 
|  49|0x0000000086700000, 0x0000000086700000, 0x0000000086800000|  0%| F|  |TAMS 0x0000000086700000, 0x0000000086700000| Untracked 
|  50|0x0000000086800000, 0x0000000086800000, 0x0000000086900000|  0%| F|  |TAMS 0x0000000086800000, 0x0000000086800000| Untracked 
|  51|0x0000000086900000, 0x0000000086900000, 0x0000000086a00000|  0%| F|  |TAMS 0x0000000086900000, 0x0000000086900000| Untracked 
|  52|0x0000000086a00000, 0x0000000086a00000, 0x0000000086b00000|  0%| F|  |TAMS 0x0000000086a00000, 0x0000000086a00000| Untracked 
|  53|0x0000000086b00000, 0x0000000086b00000, 0x0000000086c00000|  0%| F|  |TAMS 0x0000000086b00000, 0x0000000086b00000| Untracked 
|  54|0x0000000086c00000, 0x0000000086c00000, 0x0000000086d00000|  0%| F|  |TAMS 0x0000000086c00000, 0x0000000086c00000| Untracked 
|  55|0x0000000086d00000, 0x0000000086d00000, 0x0000000086e00000|  0%| F|  |TAMS 0x0000000086d00000, 0x0000000086d00000| Untracked 
|  56|0x0000000086e00000, 0x0000000086e00000, 0x0000000086f00000|  0%| F|  |TAMS 0x0000000086e00000, 0x0000000086e00000| Untracked 
|  57|0x0000000086f00000, 0x0000000086f00000, 0x0000000087000000|  0%| F|  |TAMS 0x0000000086f00000, 0x0000000086f00000| Untracked 
|  58|0x0000000087000000, 0x0000000087000000, 0x0000000087100000|  0%| F|  |TAMS 0x0000000087000000, 0x0000000087000000| Untracked 
|  59|0x0000000087100000, 0x0000000087100000, 0x0000000087200000|  0%| F|  |TAMS 0x0000000087100000, 0x0000000087100000| Untracked 
|  60|0x0000000087200000, 0x0000000087200000, 0x0000000087300000|  0%| F|  |TAMS 0x0000000087200000, 0x0000000087200000| Untracked 
|  61|0x0000000087300000, 0x0000000087300000, 0x0000000087400000|  0%| F|  |TAMS 0x0000000087300000, 0x0000000087300000| Untracked 
|  62|0x0000000087400000, 0x0000000087400000, 0x0000000087500000|  0%| F|  |TAMS 0x0000000087400000, 0x0000000087400000| Untracked 
|  63|0x0000000087500000, 0x0000000087500000, 0x0000000087600000|  0%| F|  |TAMS 0x0000000087500000, 0x0000000087500000| Untracked 
|  64|0x0000000087600000, 0x0000000087600000, 0x0000000087700000|  0%| F|  |TAMS 0x0000000087600000, 0x0000000087600000| Untracked 
|  65|0x0000000087700000, 0x0000000087700000, 0x0000000087800000|  0%| F|  |TAMS 0x0000000087700000, 0x0000000087700000| Untracked 
|  66|0x0000000087800000, 0x0000000087800000, 0x0000000087900000|  0%| F|  |TAMS 0x0000000087800000, 0x0000000087800000| Untracked 
|  67|0x0000000087900000, 0x0000000087900000, 0x0000000087a00000|  0%| F|  |TAMS 0x0000000087900000, 0x0000000087900000| Untracked 
|  68|0x0000000087a00000, 0x0000000087a00000, 0x0000000087b00000|  0%| F|  |TAMS 0x0000000087a00000, 0x0000000087a00000| Untracked 
|  69|0x0000000087b00000, 0x0000000087b00000, 0x0000000087c00000|  0%| F|  |TAMS 0x0000000087b00000, 0x0000000087b00000| Untracked 
|  70|0x0000000087c00000, 0x0000000087c00000, 0x0000000087d00000|  0%| F|  |TAMS 0x0000000087c00000, 0x0000000087c00000| Untracked 
|  71|0x0000000087d00000, 0x0000000087d00000, 0x0000000087e00000|  0%| F|  |TAMS 0x0000000087d00000, 0x0000000087d00000| Untracked 
|  72|0x0000000087e00000, 0x0000000087e00000, 0x0000000087f00000|  0%| F|  |TAMS 0x0000000087e00000, 0x0000000087e00000| Untracked 
|  73|0x0000000087f00000, 0x0000000087f00000, 0x0000000088000000|  0%| F|  |TAMS 0x0000000087f00000, 0x0000000087f00000| Untracked 
|  74|0x0000000088000000, 0x0000000088000000, 0x0000000088100000|  0%| F|  |TAMS 0x0000000088000000, 0x0000000088000000| Untracked 
|  75|0x0000000088100000, 0x0000000088100000, 0x0000000088200000|  0%| F|  |TAMS 0x0000000088100000, 0x0000000088100000| Untracked 
|  76|0x0000000088200000, 0x0000000088200000, 0x0000000088300000|  0%| F|  |TAMS 0x0000000088200000, 0x0000000088200000| Untracked 
|  77|0x0000000088300000, 0x0000000088300000, 0x0000000088400000|  0%| F|  |TAMS 0x0000000088300000, 0x0000000088300000| Untracked 
|  78|0x0000000088400000, 0x0000000088400000, 0x0000000088500000|  0%| F|  |TAMS 0x0000000088400000, 0x0000000088400000| Untracked 
|  79|0x0000000088500000, 0x0000000088500000, 0x0000000088600000|  0%| F|  |TAMS 0x0000000088500000, 0x0000000088500000| Untracked 
|  80|0x0000000088600000, 0x0000000088600000, 0x0000000088700000|  0%| F|  |TAMS 0x0000000088600000, 0x0000000088600000| Untracked 
|  81|0x0000000088700000, 0x0000000088700000, 0x0000000088800000|  0%| F|  |TAMS 0x0000000088700000, 0x0000000088700000| Untracked 
|  82|0x0000000088800000, 0x0000000088800000, 0x0000000088900000|  0%| F|  |TAMS 0x0000000088800000, 0x0000000088800000| Untracked 
|  83|0x0000000088900000, 0x0000000088900000, 0x0000000088a00000|  0%| F|  |TAMS 0x0000000088900000, 0x0000000088900000| Untracked 
|  84|0x0000000088a00000, 0x0000000088a00000, 0x0000000088b00000|  0%| F|  |TAMS 0x0000000088a00000, 0x0000000088a00000| Untracked 
|  85|0x0000000088b00000, 0x0000000088b00000, 0x0000000088c00000|  0%| F|  |TAMS 0x0000000088b00000, 0x0000000088b00000| Untracked 
|  86|0x0000000088c00000, 0x0000000088c00000, 0x0000000088d00000|  0%| F|  |TAMS 0x0000000088c00000, 0x0000000088c00000| Untracked 
|  87|0x0000000088d00000, 0x0000000088d00000, 0x0000000088e00000|  0%| F|  |TAMS 0x0000000088d00000, 0x0000000088d00000| Untracked 
|  88|0x0000000088e00000, 0x0000000088e00000, 0x0000000088f00000|  0%| F|  |TAMS 0x0000000088e00000, 0x0000000088e00000| Untracked 
|  89|0x0000000088f00000, 0x0000000088f00000, 0x0000000089000000|  0%| F|  |TAMS 0x0000000088f00000, 0x0000000088f00000| Untracked 
|  90|0x0000000089000000, 0x0000000089000000, 0x0000000089100000|  0%| F|  |TAMS 0x0000000089000000, 0x0000000089000000| Untracked 
|  91|0x0000000089100000, 0x0000000089100000, 0x0000000089200000|  0%| F|  |TAMS 0x0000000089100000, 0x0000000089100000| Untracked 
|  92|0x0000000089200000, 0x0000000089200000, 0x0000000089300000|  0%| F|  |TAMS 0x0000000089200000, 0x0000000089200000| Untracked 
|  93|0x0000000089300000, 0x0000000089300000, 0x0000000089400000|  0%| F|  |TAMS 0x0000000089300000, 0x0000000089300000| Untracked 
|  94|0x0000000089400000, 0x0000000089400000, 0x0000000089500000|  0%| F|  |TAMS 0x0000000089400000, 0x0000000089400000| Untracked 
|  95|0x0000000089500000, 0x0000000089500000, 0x0000000089600000|  0%| F|  |TAMS 0x0000000089500000, 0x0000000089500000| Untracked 
|  96|0x0000000089600000, 0x0000000089600000, 0x0000000089700000|  0%| F|  |TAMS 0x0000000089600000, 0x0000000089600000| Untracked 
|  97|0x0000000089700000, 0x0000000089700000, 0x0000000089800000|  0%| F|  |TAMS 0x0000000089700000, 0x0000000089700000| Untracked 
|  98|0x0000000089800000, 0x0000000089800000, 0x0000000089900000|  0%| F|  |TAMS 0x0000000089800000, 0x0000000089800000| Untracked 
|  99|0x0000000089900000, 0x0000000089900000, 0x0000000089a00000|  0%| F|  |TAMS 0x0000000089900000, 0x0000000089900000| Untracked 
| 100|0x0000000089a00000, 0x0000000089b00000, 0x0000000089b00000|100%| S|CS|TAMS 0x0000000089a00000, 0x0000000089a00000| Complete 
| 101|0x0000000089b00000, 0x0000000089c00000, 0x0000000089c00000|100%| S|CS|TAMS 0x0000000089b00000, 0x0000000089b00000| Complete 
| 102|0x0000000089c00000, 0x0000000089d00000, 0x0000000089d00000|100%| S|CS|TAMS 0x0000000089c00000, 0x0000000089c00000| Complete 
| 103|0x0000000089d00000, 0x0000000089d00000, 0x0000000089e00000|  0%| F|  |TAMS 0x0000000089d00000, 0x0000000089d00000| Untracked 
| 104|0x0000000089e00000, 0x0000000089e00000, 0x0000000089f00000|  0%| F|  |TAMS 0x0000000089e00000, 0x0000000089e00000| Untracked 
| 105|0x0000000089f00000, 0x0000000089f00000, 0x000000008a000000|  0%| F|  |TAMS 0x0000000089f00000, 0x0000000089f00000| Untracked 
| 106|0x000000008a000000, 0x000000008a100000, 0x000000008a100000|100%| E|  |TAMS 0x000000008a000000, 0x000000008a000000| Complete 
| 107|0x000000008a100000, 0x000000008a200000, 0x000000008a200000|100%| E|CS|TAMS 0x000000008a100000, 0x000000008a100000| Complete 
| 108|0x000000008a200000, 0x000000008a300000, 0x000000008a300000|100%| E|CS|TAMS 0x000000008a200000, 0x000000008a200000| Complete 
| 109|0x000000008a300000, 0x000000008a400000, 0x000000008a400000|100%| E|CS|TAMS 0x000000008a300000, 0x000000008a300000| Complete 
| 110|0x000000008a400000, 0x000000008a500000, 0x000000008a500000|100%| E|CS|TAMS 0x000000008a400000, 0x000000008a400000| Complete 
| 111|0x000000008a500000, 0x000000008a600000, 0x000000008a600000|100%| E|CS|TAMS 0x000000008a500000, 0x000000008a500000| Complete 
| 112|0x000000008a600000, 0x000000008a700000, 0x000000008a700000|100%| E|CS|TAMS 0x000000008a600000, 0x000000008a600000| Complete 
| 113|0x000000008a700000, 0x000000008a800000, 0x000000008a800000|100%| E|CS|TAMS 0x000000008a700000, 0x000000008a700000| Complete 
| 114|0x000000008a800000, 0x000000008a900000, 0x000000008a900000|100%| E|CS|TAMS 0x000000008a800000, 0x000000008a800000| Complete 
| 115|0x000000008a900000, 0x000000008aa00000, 0x000000008aa00000|100%| E|CS|TAMS 0x000000008a900000, 0x000000008a900000| Complete 
| 116|0x000000008aa00000, 0x000000008ab00000, 0x000000008ab00000|100%| E|CS|TAMS 0x000000008aa00000, 0x000000008aa00000| Complete 
| 117|0x000000008ab00000, 0x000000008ac00000, 0x000000008ac00000|100%| E|CS|TAMS 0x000000008ab00000, 0x000000008ab00000| Complete 
| 118|0x000000008ac00000, 0x000000008ad00000, 0x000000008ad00000|100%| E|CS|TAMS 0x000000008ac00000, 0x000000008ac00000| Complete 
| 119|0x000000008ad00000, 0x000000008ae00000, 0x000000008ae00000|100%| E|CS|TAMS 0x000000008ad00000, 0x000000008ad00000| Complete 
| 120|0x000000008ae00000, 0x000000008af00000, 0x000000008af00000|100%| E|CS|TAMS 0x000000008ae00000, 0x000000008ae00000| Complete 
| 121|0x000000008af00000, 0x000000008b000000, 0x000000008b000000|100%| E|CS|TAMS 0x000000008af00000, 0x000000008af00000| Complete 
| 122|0x000000008b000000, 0x000000008b100000, 0x000000008b100000|100%| E|CS|TAMS 0x000000008b000000, 0x000000008b000000| Complete 
| 123|0x000000008b100000, 0x000000008b200000, 0x000000008b200000|100%| E|CS|TAMS 0x000000008b100000, 0x000000008b100000| Complete 
| 124|0x000000008b200000, 0x000000008b300000, 0x000000008b300000|100%| E|CS|TAMS 0x000000008b200000, 0x000000008b200000| Complete 
| 125|0x000000008b300000, 0x000000008b400000, 0x000000008b400000|100%| E|CS|TAMS 0x000000008b300000, 0x000000008b300000| Complete 

Card table byte_map: [0x000002956e840000,0x000002956ec30000] _byte_map_base: 0x000002956e425000

Marking Bits (Prev, Next): (CMBitMap*) 0x00000295562c2c00, (CMBitMap*) 0x00000295562c2c40
 Prev Bits: [0x000002956f020000, 0x0000029570f48000)
 Next Bits: [0x0000029570f50000, 0x0000029572e78000)

Polling page: 0x0000029555a20000

Metaspace:

Usage:
  Non-class:      9.07 MB used.
      Class:      1.30 MB used.
       Both:     10.37 MB used.

Virtual space:
  Non-class space:       64.00 MB reserved,       9.25 MB ( 14%) committed,  1 nodes.
      Class space:        1.00 GB reserved,       1.38 MB ( <1%) committed,  1 nodes.
             Both:        1.06 GB reserved,      10.62 MB ( <1%) committed. 

Chunk freelists:
   Non-Class:  6.48 MB
       Class:  14.62 MB
        Both:  21.11 MB

MaxMetaspaceSize: unlimited
CompressedClassSpaceSize: 1.00 GB
Initial GC threshold: 21.00 MB
Current GC threshold: 21.00 MB
CDS: on
MetaspaceReclaimPolicy: balanced
 - commit_granule_bytes: 65536.
 - commit_granule_words: 8192.
 - virtual_space_node_default_size: 8388608.
 - enlarge_chunks_in_place: 1.
 - new_chunks_are_fully_committed: 0.
 - uncommit_free_chunks: 1.
 - use_allocation_guard: 0.
 - handle_deallocations: 1.


Internal statistics:

num_allocs_failed_limit: 0.
num_arena_births: 170.
num_arena_deaths: 0.
num_vsnodes_births: 2.
num_vsnodes_deaths: 0.
num_space_committed: 170.
num_space_uncommitted: 0.
num_chunks_returned_to_freelist: 0.
num_chunks_taken_from_freelist: 572.
num_chunk_merges: 0.
num_chunk_splits: 323.
num_chunks_enlarged: 202.
num_inconsistent_stats: 0.

CodeHeap 'non-profiled nmethods': size=120000Kb used=640Kb max_used=640Kb free=119359Kb
 bounds [0x0000029566bf0000, 0x0000029566e60000, 0x000002956e120000]
CodeHeap 'profiled nmethods': size=120000Kb used=3312Kb max_used=3312Kb free=116687Kb
 bounds [0x000002955f120000, 0x000002955f460000, 0x0000029566650000]
CodeHeap 'non-nmethods': size=5760Kb used=1196Kb max_used=1228Kb free=4563Kb
 bounds [0x0000029566650000, 0x00000295668c0000, 0x0000029566bf0000]
 total_blobs=2150 nmethods=1666 adapters=396
 compilation: enabled
              stopped_count=0, restarted_count=0
 full_count=0

Compilation events (20 events):
Event: 1.197 Thread 0x00000295758b4c00 1642       3       sun.reflect.generics.visitor.Reifier::make (9 bytes)
Event: 1.197 Thread 0x00000295758b4c00 nmethod 1642 0x000002955f44e290 code [0x000002955f44e440, 0x000002955f44e698]
Event: 1.197 Thread 0x00000295758b4c00 1643       3       sun.reflect.generics.visitor.Reifier::<init> (10 bytes)
Event: 1.197 Thread 0x00000295758b4c00 nmethod 1643 0x000002955f44e790 code [0x000002955f44e920, 0x000002955f44ead8]
Event: 1.197 Thread 0x00000295758b4c00 1644       3       sun.reflect.generics.visitor.Reifier::getResult (26 bytes)
Event: 1.197 Thread 0x00000295758b4c00 nmethod 1644 0x000002955f44eb90 code [0x000002955f44ed20, 0x000002955f44ee38]
Event: 1.197 Thread 0x00000295758b4c00 1648       3       sun.reflect.generics.scope.ClassScope::make (9 bytes)
Event: 1.197 Thread 0x00000295758b4c00 nmethod 1648 0x000002955f44ef10 code [0x000002955f44f0c0, 0x000002955f44f378]
Event: 1.198 Thread 0x00000295758b4c00 1649       3       sun.reflect.generics.scope.ClassScope::<init> (6 bytes)
Event: 1.198 Thread 0x00000295758b4c00 nmethod 1649 0x000002955f44f490 code [0x000002955f44f640, 0x000002955f44f858]
Event: 1.198 Thread 0x00000295758b4c00 1645       3       sun.reflect.generics.parser.SignatureParser::make (8 bytes)
Event: 1.198 Thread 0x00000295758b4c00 nmethod 1645 0x000002955f44f910 code [0x000002955f44fac0, 0x000002955f44fcb8]
Event: 1.198 Thread 0x00000295758b4c00 1646       3       sun.reflect.generics.parser.SignatureParser::<init> (5 bytes)
Event: 1.198 Thread 0x00000295758b4c00 nmethod 1646 0x000002955f44fd90 code [0x000002955f44ff20, 0x000002955f450078]
Event: 1.198 Thread 0x00000295758b4c00 1647       3       sun.reflect.generics.parser.SignatureParser::init (16 bytes)
Event: 1.198 Thread 0x00000295758b4c00 nmethod 1647 0x000002955f450110 code [0x000002955f4502a0, 0x000002955f4503f8]
Event: 1.199 Thread 0x00000295758b4c00 1651   !   3       org.springframework.util.ConcurrentReferenceHashMap$Segment::clear (69 bytes)
Event: 1.200 Thread 0x00000295758b4c00 nmethod 1651 0x000002955f450490 code [0x000002955f4506e0, 0x000002955f451238]
Event: 1.211 Thread 0x00000295758b4c00 1652       1       java.lang.invoke.VarHandle::isDirect (2 bytes)
Event: 1.212 Thread 0x00000295758b4c00 nmethod 1652 0x0000029566c8b810 code [0x0000029566c8b9a0, 0x0000029566c8ba78]

GC Heap History (2 events):
Event: 0.685 GC heap before
{Heap before GC invocations=0 (full 0):
 garbage-first heap   total 129024K, used 22528K [0x0000000083600000, 0x0000000100000000)
  region size 1024K, 23 young (23552K), 0 survivors (0K)
 Metaspace       used 5414K, committed 5568K, reserved 1114112K
  class space    used 666K, committed 704K, reserved 1048576K
}
Event: 0.692 GC heap after
{Heap after GC invocations=1 (full 0):
 garbage-first heap   total 129024K, used 5835K [0x0000000083600000, 0x0000000100000000)
  region size 1024K, 3 young (3072K), 3 survivors (3072K)
 Metaspace       used 5414K, committed 5568K, reserved 1114112K
  class space    used 666K, committed 704K, reserved 1048576K
}

Dll operation events (8 events):
Event: 0.009 Loaded shared library C:\Program Files\OpenLogic\jdk-17.0.12.7-hotspot\bin\java.dll
Event: 0.031 Loaded shared library C:\Program Files\OpenLogic\jdk-17.0.12.7-hotspot\bin\jsvml.dll
Event: 0.068 Loaded shared library C:\Program Files\OpenLogic\jdk-17.0.12.7-hotspot\bin\net.dll
Event: 0.070 Loaded shared library C:\Program Files\OpenLogic\jdk-17.0.12.7-hotspot\bin\nio.dll
Event: 0.074 Loaded shared library C:\Program Files\OpenLogic\jdk-17.0.12.7-hotspot\bin\zip.dll
Event: 0.125 Loaded shared library C:\Program Files\OpenLogic\jdk-17.0.12.7-hotspot\bin\management.dll
Event: 0.132 Loaded shared library C:\Program Files\OpenLogic\jdk-17.0.12.7-hotspot\bin\management_ext.dll
Event: 0.152 Loaded shared library C:\Program Files\OpenLogic\jdk-17.0.12.7-hotspot\bin\jimage.dll

Deoptimization events (20 events):
Event: 1.062 Thread 0x0000029556266ea0 Uncommon trap: trap_request=0xffffff45 fr.pc=0x0000029566c076c0 relative=0x0000000000000040
Event: 1.062 Thread 0x0000029556266ea0 Uncommon trap: reason=unstable_if action=reinterpret pc=0x0000029566c076c0 method=sun.nio.fs.WindowsPathParser.isSlash(C)Z @ 9 c2
Event: 1.062 Thread 0x0000029556266ea0 DEOPT PACKING pc=0x0000029566c076c0 sp=0x000000ee37afcba0
Event: 1.062 Thread 0x0000029556266ea0 DEOPT UNPACKING pc=0x00000295666aa1a3 sp=0x000000ee37afcb28 mode 2
Event: 1.067 Thread 0x0000029556266ea0 Uncommon trap: trap_request=0xffffff45 fr.pc=0x0000029566c14db4 relative=0x0000000000000214
Event: 1.067 Thread 0x0000029556266ea0 Uncommon trap: reason=unstable_if action=reinterpret pc=0x0000029566c14db4 method=java.util.StringTokenizer.scanToken(I)I @ 42 c2
Event: 1.067 Thread 0x0000029556266ea0 DEOPT PACKING pc=0x0000029566c14db4 sp=0x000000ee37afc650
Event: 1.067 Thread 0x0000029556266ea0 DEOPT UNPACKING pc=0x00000295666aa1a3 sp=0x000000ee37afc5e0 mode 2
Event: 1.101 Thread 0x0000029556266ea0 Uncommon trap: trap_request=0xffffff45 fr.pc=0x0000029566c47460 relative=0x00000000000002c0
Event: 1.101 Thread 0x0000029556266ea0 Uncommon trap: reason=unstable_if action=reinterpret pc=0x0000029566c47460 method=jdk.internal.org.objectweb.asm.SymbolTable.put(Ljdk/internal/org/objectweb/asm/SymbolTable$Entry;)Ljdk/internal/org/objectweb/asm/SymbolTable$Entry; @ 13 c2
Event: 1.101 Thread 0x0000029556266ea0 DEOPT PACKING pc=0x0000029566c47460 sp=0x000000ee37afb830
Event: 1.101 Thread 0x0000029556266ea0 DEOPT UNPACKING pc=0x00000295666aa1a3 sp=0x000000ee37afb7b0 mode 2
Event: 1.131 Thread 0x0000029556266ea0 Uncommon trap: trap_request=0xffffff45 fr.pc=0x0000029566c51330 relative=0x0000000000000ed0
Event: 1.131 Thread 0x0000029556266ea0 Uncommon trap: reason=unstable_if action=reinterpret pc=0x0000029566c51330 method=jdk.internal.org.objectweb.asm.SymbolTable.put(Ljdk/internal/org/objectweb/asm/SymbolTable$Entry;)Ljdk/internal/org/objectweb/asm/SymbolTable$Entry; @ 13 c2
Event: 1.131 Thread 0x0000029556266ea0 DEOPT PACKING pc=0x0000029566c51330 sp=0x000000ee37afb740
Event: 1.131 Thread 0x0000029556266ea0 DEOPT UNPACKING pc=0x00000295666aa1a3 sp=0x000000ee37afb688 mode 2
Event: 1.189 Thread 0x0000029556266ea0 Uncommon trap: trap_request=0xffffff45 fr.pc=0x0000029566c43630 relative=0x0000000000000090
Event: 1.189 Thread 0x0000029556266ea0 Uncommon trap: reason=unstable_if action=reinterpret pc=0x0000029566c43630 method=sun.reflect.generics.parser.SignatureParser.current()C @ 39 c2
Event: 1.189 Thread 0x0000029556266ea0 DEOPT PACKING pc=0x0000029566c43630 sp=0x000000ee37afba30
Event: 1.189 Thread 0x0000029556266ea0 DEOPT UNPACKING pc=0x00000295666aa1a3 sp=0x000000ee37afb9c8 mode 2

Classes loaded (20 events):
Event: 1.190 Loading class java/lang/reflect/ParameterizedType done
Event: 1.190 Loading class sun/reflect/generics/reflectiveObjects/ParameterizedTypeImpl done
Event: 1.190 Loading class sun/reflect/generics/reflectiveObjects/TypeVariableImpl
Event: 1.190 Loading class sun/reflect/generics/reflectiveObjects/LazyReflectiveObjectGenerator
Event: 1.190 Loading class sun/reflect/generics/reflectiveObjects/LazyReflectiveObjectGenerator done
Event: 1.190 Loading class sun/reflect/generics/reflectiveObjects/TypeVariableImpl done
Event: 1.198 Loading class sun/reflect/generics/tree/BottomSignature
Event: 1.199 Loading class sun/reflect/generics/tree/BottomSignature done
Event: 1.199 Loading class sun/reflect/generics/tree/Wildcard
Event: 1.199 Loading class sun/reflect/generics/tree/Wildcard done
Event: 1.199 Loading class sun/reflect/generics/reflectiveObjects/WildcardTypeImpl
Event: 1.199 Loading class java/lang/reflect/WildcardType
Event: 1.199 Loading class java/lang/reflect/WildcardType done
Event: 1.199 Loading class sun/reflect/generics/reflectiveObjects/WildcardTypeImpl done
Event: 1.199 Loading class sun/reflect/generics/tree/TypeVariableSignature
Event: 1.199 Loading class sun/reflect/generics/tree/TypeVariableSignature done
Event: 1.204 Loading class java/util/Currency
Event: 1.205 Loading class java/util/Currency done
Event: 1.207 Loading class java/util/UUID
Event: 1.207 Loading class java/util/UUID done

Classes unloaded (0 events):
No events

Classes redefined (0 events):
No events

Internal exceptions (20 events):
Event: 0.668 Thread 0x0000029556266ea0 Exception <a 'java/lang/NoSuchMethodError'{0x0000000089d5d7a0}: 'void java.lang.invoke.DirectMethodHandle$Holder.invokeStaticInit(java.lang.Object, java.lang.Object, java.lang.Object, java.lang.Object)'> (0x0000000089d5d7a0) 
thrown [s\src\hotspot\share\interpreter\linkResolver.cpp, line 759]
Event: 0.679 Thread 0x0000029556266ea0 Exception <a 'java/lang/NoSuchMethodError'{0x0000000089dd19c8}: 'int java.lang.invoke.DirectMethodHandle$Holder.invokeStaticInit(java.lang.Object, java.lang.Object)'> (0x0000000089dd19c8) 
thrown [s\src\hotspot\share\interpreter\linkResolver.cpp, line 759]
Event: 0.727 Thread 0x0000029556266ea0 Exception <a 'java/lang/NoSuchMethodError'{0x000000008b2a0e08}: 'void java.lang.invoke.DirectMethodHandle$Holder.invokeStatic(java.lang.Object, java.lang.Object)'> (0x000000008b2a0e08) 
thrown [s\src\hotspot\share\interpreter\linkResolver.cpp, line 759]
Event: 0.782 Thread 0x0000029556266ea0 Exception <a 'java/lang/ClassNotFoundException'{0x000000008b04a878}: javax/smartcardio/CardPermission> (0x000000008b04a878) 
thrown [s\src\hotspot\share\classfile\systemDictionary.cpp, line 256]
Event: 0.786 Thread 0x0000029556266ea0 Exception <a 'java/io/FileNotFoundException'{0x000000008b05a378}> (0x000000008b05a378) 
thrown [s\src\hotspot\share\prims\jni.cpp, line 516]
Event: 0.806 Thread 0x0000029556266ea0 Exception <a 'java/lang/NoSuchMethodError'{0x000000008af209c0}: 'java.lang.Object java.lang.invoke.DirectMethodHandle$Holder.invokeSpecial(java.lang.Object, java.lang.Object, java.lang.Object, long, java.lang.Object)'> (0x000000008af209c0) 
thrown [s\src\hotspot\share\interpreter\linkResolver.cpp, line 759]
Event: 0.807 Thread 0x0000029556266ea0 Exception <a 'java/lang/NoSuchMethodError'{0x000000008af24838}: 'java.lang.Object java.lang.invoke.Invokers$Holder.linkToTargetMethod(java.lang.Object, long, java.lang.Object, java.lang.Object)'> (0x000000008af24838) 
thrown [s\src\hotspot\share\interpreter\linkResolver.cpp, line 759]
Event: 0.827 Thread 0x0000029556266ea0 Implicit null exception at 0x0000029566c49901 to 0x0000029566c4ad10
Event: 0.827 Thread 0x0000029556266ea0 Implicit null exception at 0x0000029566c21b0f to 0x0000029566c21b89
Event: 0.917 Thread 0x0000029556266ea0 Exception <a 'java/lang/NoSuchMethodError'{0x000000008acee588}: 'int java.lang.invoke.DirectMethodHandle$Holder.invokeStaticInit(java.lang.Object, java.lang.Object, java.lang.Object)'> (0x000000008acee588) 
thrown [s\src\hotspot\share\interpreter\linkResolver.cpp, line 759]
Event: 0.938 Thread 0x0000029556266ea0 Exception <a 'java/lang/NoSuchMethodError'{0x000000008abf70a0}: 'int java.lang.invoke.DirectMethodHandle$Holder.invokeInterface(java.lang.Object, java.lang.Object)'> (0x000000008abf70a0) 
thrown [s\src\hotspot\share\interpreter\linkResolver.cpp, line 759]
Event: 0.959 Thread 0x0000029556266ea0 Exception <a 'java/lang/NoSuchMethodError'{0x000000008aae5ac8}: 'void java.lang.invoke.DirectMethodHandle$Holder.invokeStaticInit(java.lang.Object, java.lang.Object)'> (0x000000008aae5ac8) 
thrown [s\src\hotspot\share\interpreter\linkResolver.cpp, line 759]
Event: 0.981 Thread 0x0000029556266ea0 Exception <a 'java/lang/NoSuchMethodError'{0x000000008a9a7f60}: 'int java.lang.invoke.DirectMethodHandle$Holder.invokeVirtual(java.lang.Object, java.lang.Object, java.lang.Object)'> (0x000000008a9a7f60) 
thrown [s\src\hotspot\share\interpreter\linkResolver.cpp, line 759]
Event: 1.024 Thread 0x0000029556266ea0 Exception <a 'java/lang/IncompatibleClassChangeError'{0x000000008a70e700}: Found class java.lang.Object, but interface was expected> (0x000000008a70e700) 
thrown [s\src\hotspot\share\interpreter\linkResolver.cpp, line 826]
Event: 1.057 Thread 0x0000029556266ea0 Exception <a 'java/lang/NoSuchMethodError'{0x000000008a649f48}: 'int java.lang.invoke.DirectMethodHandle$Holder.invokeSpecial(java.lang.Object, java.lang.Object, java.lang.Object, java.lang.Object)'> (0x000000008a649f48) 
thrown [s\src\hotspot\share\interpreter\linkResolver.cpp, line 759]
Event: 1.062 Thread 0x0000029556266ea0 Exception <a 'sun/nio/fs/WindowsException'{0x000000008a667b38}> (0x000000008a667b38) 
thrown [s\src\hotspot\share\prims\jni.cpp, line 516]
Event: 1.063 Thread 0x0000029556266ea0 Exception <a 'java/lang/NoSuchMethodError'{0x000000008a6694c0}: 'int java.lang.invoke.DirectMethodHandle$Holder.invokeSpecial(java.lang.Object, java.lang.Object, java.lang.Object, java.lang.Object, java.lang.Object)'> (0x000000008a6694c0) 
thrown [s\src\hotspot\share\interpreter\linkResolver.cpp, line 759]
Event: 1.065 Thread 0x0000029556266ea0 Exception <a 'java/lang/NoSuchMethodError'{0x000000008a672668}: 'void java.lang.invoke.DirectMethodHandle$Holder.invokeVirtual(java.lang.Object, java.lang.Object)'> (0x000000008a672668) 
thrown [s\src\hotspot\share\interpreter\linkResolver.cpp, line 759]
Event: 1.070 Thread 0x0000029556266ea0 Exception <a 'sun/nio/fs/WindowsException'{0x000000008a68bf40}> (0x000000008a68bf40) 
thrown [s\src\hotspot\share\prims\jni.cpp, line 516]
Event: 1.153 Thread 0x0000029556266ea0 Exception <a 'java/lang/NoSuchMethodError'{0x000000008a385268}: 'void java.lang.invoke.DirectMethodHandle$Holder.invokeVirtual(java.lang.Object, java.lang.Object, java.lang.Object, java.lang.Object)'> (0x000000008a385268) 
thrown [s\src\hotspot\share\interpreter\linkResolver.cpp, line 759]

VM Operations (20 events):
Event: 0.606 Executing VM operation: HandshakeAllThreads
Event: 0.606 Executing VM operation: HandshakeAllThreads done
Event: 0.680 Executing VM operation: ICBufferFull
Event: 0.680 Executing VM operation: ICBufferFull done
Event: 0.685 Executing VM operation: G1CollectForAllocation
Event: 0.692 Executing VM operation: G1CollectForAllocation done
Event: 0.696 Executing VM operation: HandshakeAllThreads
Event: 0.696 Executing VM operation: HandshakeAllThreads done
Event: 0.745 Executing VM operation: HandshakeAllThreads
Event: 0.745 Executing VM operation: HandshakeAllThreads done
Event: 0.863 Executing VM operation: HandshakeAllThreads
Event: 0.863 Executing VM operation: HandshakeAllThreads done
Event: 0.863 Executing VM operation: HandshakeAllThreads
Event: 0.863 Executing VM operation: HandshakeAllThreads done
Event: 0.939 Executing VM operation: HandshakeAllThreads
Event: 0.939 Executing VM operation: HandshakeAllThreads done
Event: 1.036 Executing VM operation: HandshakeAllThreads
Event: 1.036 Executing VM operation: HandshakeAllThreads done
Event: 1.149 Executing VM operation: HandshakeAllThreads
Event: 1.149 Executing VM operation: HandshakeAllThreads done

Events (15 events):
Event: 0.031 Thread 0x0000029556266ea0 Thread added: 0x0000029556266ea0
Event: 0.034 Thread 0x0000029575888c80 Thread added: 0x0000029575888c80
Event: 0.034 Thread 0x0000029575889840 Thread added: 0x0000029575889840
Event: 0.044 Thread 0x00000295758a3fb0 Thread added: 0x00000295758a3fb0
Event: 0.044 Thread 0x00000295758a4b70 Thread added: 0x00000295758a4b70
Event: 0.044 Thread 0x00000295758a8550 Thread added: 0x00000295758a8550
Event: 0.044 Thread 0x00000295758a8f10 Thread added: 0x00000295758a8f10
Event: 0.045 Thread 0x00000295758abcc0 Thread added: 0x00000295758abcc0
Event: 0.045 Thread 0x00000295758b4c00 Thread added: 0x00000295758b4c00
Event: 0.045 Thread 0x00000295758bda10 Thread added: 0x00000295758bda10
Event: 0.064 Thread 0x0000029575b2b840 Thread added: 0x0000029575b2b840
Event: 0.065 Thread 0x0000029575b2e3e0 Thread added: 0x0000029575b2e3e0
Event: 0.181 Thread 0x0000029575c4d760 Thread added: 0x0000029575c4d760
Event: 0.222 Thread 0x0000029575dfeed0 Thread added: 0x0000029575dfeed0
Event: 0.232 Thread 0x0000029575bde410 Thread added: 0x0000029575bde410


Dynamic libraries:
0x00007ff723970000 - 0x00007ff72397e000 	C:\Program Files\OpenLogic\jdk-17.0.12.7-hotspot\bin\java.exe
0x00007ff8f8a70000 - 0x00007ff8f8c87000 	C:\WINDOWS\SYSTEM32\ntdll.dll
0x00007ff8f6aa0000 - 0x00007ff8f6b64000 	C:\WINDOWS\System32\KERNEL32.DLL
0x00007ff8f5fc0000 - 0x00007ff8f637a000 	C:\WINDOWS\System32\KERNELBASE.dll
0x00007ff8f5dd0000 - 0x00007ff8f5ee1000 	C:\WINDOWS\System32\ucrtbase.dll
0x00007ff8cd890000 - 0x00007ff8cd8ab000 	C:\Program Files\OpenLogic\jdk-17.0.12.7-hotspot\bin\VCRUNTIME140.dll
0x00007ff8e4770000 - 0x00007ff8e4787000 	C:\Program Files\OpenLogic\jdk-17.0.12.7-hotspot\bin\jli.dll
0x00007ff8f8380000 - 0x00007ff8f852f000 	C:\WINDOWS\System32\USER32.dll
0x00007ff8f5ef0000 - 0x00007ff8f5f16000 	C:\WINDOWS\System32\win32u.dll
0x00007ff8d2240000 - 0x00007ff8d24d2000 	C:\WINDOWS\WinSxS\amd64_microsoft.windows.common-controls_6595b64144ccf1df_6.0.22621.4291_none_2715d3a373803e45\COMCTL32.dll
0x00007ff8f8a00000 - 0x00007ff8f8a29000 	C:\WINDOWS\System32\GDI32.dll
0x00007ff8f81a0000 - 0x00007ff8f8247000 	C:\WINDOWS\System32\msvcrt.dll
0x00007ff8f64c0000 - 0x00007ff8f65db000 	C:\WINDOWS\System32\gdi32full.dll
0x00007ff8f5f20000 - 0x00007ff8f5fba000 	C:\WINDOWS\System32\msvcp_win.dll
0x00007ff8f87e0000 - 0x00007ff8f8811000 	C:\WINDOWS\System32\IMM32.DLL
0x00007ff8d68e0000 - 0x00007ff8d68ec000 	C:\Program Files\OpenLogic\jdk-17.0.12.7-hotspot\bin\vcruntime140_1.dll
0x00007ff8b7320000 - 0x00007ff8b73ad000 	C:\Program Files\OpenLogic\jdk-17.0.12.7-hotspot\bin\msvcp140.dll
0x00007ff87c2f0000 - 0x00007ff87cf5a000 	C:\Program Files\OpenLogic\jdk-17.0.12.7-hotspot\bin\server\jvm.dll
0x00007ff8f8820000 - 0x00007ff8f88d2000 	C:\WINDOWS\System32\ADVAPI32.dll
0x00007ff8f6780000 - 0x00007ff8f6828000 	C:\WINDOWS\System32\sechost.dll
0x00007ff8f65e0000 - 0x00007ff8f6608000 	C:\WINDOWS\System32\bcrypt.dll
0x00007ff8f88e0000 - 0x00007ff8f89f4000 	C:\WINDOWS\System32\RPCRT4.dll
0x00007ff8f6d40000 - 0x00007ff8f6db1000 	C:\WINDOWS\System32\WS2_32.dll
0x00007ff8ef150000 - 0x00007ff8ef184000 	C:\WINDOWS\SYSTEM32\WINMM.dll
0x00007ff8f5c30000 - 0x00007ff8f5c7d000 	C:\WINDOWS\SYSTEM32\POWRPROF.dll
0x00007ff8ee420000 - 0x00007ff8ee42a000 	C:\WINDOWS\SYSTEM32\VERSION.dll
0x00007ff8f5c10000 - 0x00007ff8f5c23000 	C:\WINDOWS\SYSTEM32\UMPDC.dll
0x00007ff8f4d70000 - 0x00007ff8f4d88000 	C:\WINDOWS\SYSTEM32\kernel.appcore.dll
0x00007ff8d4a60000 - 0x00007ff8d4a6a000 	C:\Program Files\OpenLogic\jdk-17.0.12.7-hotspot\bin\jimage.dll
0x00007ff8f3440000 - 0x00007ff8f3672000 	C:\WINDOWS\SYSTEM32\DBGHELP.DLL
0x00007ff8f7e10000 - 0x00007ff8f819f000 	C:\WINDOWS\System32\combase.dll
0x00007ff8f7880000 - 0x00007ff8f7957000 	C:\WINDOWS\System32\OLEAUT32.dll
0x00007ff8e2330000 - 0x00007ff8e2362000 	C:\WINDOWS\SYSTEM32\dbgcore.DLL
0x00007ff8f6380000 - 0x00007ff8f63fb000 	C:\WINDOWS\System32\bcryptPrimitives.dll
0x00007ff8c0d70000 - 0x00007ff8c0d95000 	C:\Program Files\OpenLogic\jdk-17.0.12.7-hotspot\bin\java.dll
0x00007ff8b73b0000 - 0x00007ff8b7486000 	C:\Program Files\OpenLogic\jdk-17.0.12.7-hotspot\bin\jsvml.dll
0x00007ff8f6f70000 - 0x00007ff8f77eb000 	C:\WINDOWS\System32\SHELL32.dll
0x00007ff8f3c70000 - 0x00007ff8f4579000 	C:\WINDOWS\SYSTEM32\windows.storage.dll
0x00007ff8f3b30000 - 0x00007ff8f3c6f000 	C:\WINDOWS\SYSTEM32\wintypes.dll
0x00007ff8f8280000 - 0x00007ff8f837a000 	C:\WINDOWS\System32\SHCORE.dll
0x00007ff8f6b80000 - 0x00007ff8f6bde000 	C:\WINDOWS\System32\shlwapi.dll
0x00007ff8f5c90000 - 0x00007ff8f5cbb000 	C:\WINDOWS\SYSTEM32\profapi.dll
0x00007ff8c2ca0000 - 0x00007ff8c2cb9000 	C:\Program Files\OpenLogic\jdk-17.0.12.7-hotspot\bin\net.dll
0x00007ff8f16b0000 - 0x00007ff8f17e6000 	C:\WINDOWS\SYSTEM32\WINHTTP.dll
0x00007ff8f51e0000 - 0x00007ff8f5249000 	C:\WINDOWS\system32\mswsock.dll
0x00007ff8c12a0000 - 0x00007ff8c12b6000 	C:\Program Files\OpenLogic\jdk-17.0.12.7-hotspot\bin\nio.dll
0x00007ff8c0d50000 - 0x00007ff8c0d68000 	C:\Program Files\OpenLogic\jdk-17.0.12.7-hotspot\bin\zip.dll
0x00007ff8d47f0000 - 0x00007ff8d47f9000 	C:\Program Files\OpenLogic\jdk-17.0.12.7-hotspot\bin\management.dll
0x00007ff8d46a0000 - 0x00007ff8d46ab000 	C:\Program Files\OpenLogic\jdk-17.0.12.7-hotspot\bin\management_ext.dll
0x00007ff8f6b70000 - 0x00007ff8f6b78000 	C:\WINDOWS\System32\PSAPI.DLL

dbghelp: loaded successfully - version: 4.0.5 - missing functions: none
symbol engine: initialized successfully - sym options: 0x614 - pdb path: .;C:\Program Files\OpenLogic\jdk-17.0.12.7-hotspot\bin;C:\WINDOWS\SYSTEM32;C:\WINDOWS\WinSxS\amd64_microsoft.windows.common-controls_6595b64144ccf1df_6.0.22621.4291_none_2715d3a373803e45;C:\Program Files\OpenLogic\jdk-17.0.12.7-hotspot\bin\server

VM Arguments:
java_command: C:\Users\nerea\AppData\Local\Temp\surefire10260074103330452171\surefirebooter-20241030144920634_3.jar C:\Users\nerea\AppData\Local\Temp\surefire10260074103330452171 2024-10-30T14-49-20_376-jvmRun1 surefire-20241030144920634_1tmp surefire_0-20241030144920634_2tmp
java_class_path (initial): C:\Users\nerea\AppData\Local\Temp\surefire10260074103330452171\surefirebooter-20241030144920634_3.jar
Launcher Type: SUN_STANDARD

[Global flags]
     intx CICompilerCount                          = 4                                         {product} {ergonomic}
     uint ConcGCThreads                            = 2                                         {product} {ergonomic}
     uint G1ConcRefinementThreads                  = 8                                         {product} {ergonomic}
   size_t G1HeapRegionSize                         = 1048576                                   {product} {ergonomic}
    uintx GCDrainStackTargetSize                   = 64                                        {product} {ergonomic}
   size_t InitialHeapSize                          = 132120576                                 {product} {ergonomic}
   size_t MarkStackSize                            = 4194304                                   {product} {ergonomic}
   size_t MaxHeapSize                              = 2090860544                                {product} {ergonomic}
   size_t MaxNewSize                               = 1254096896                                {product} {ergonomic}
   size_t MinHeapDeltaBytes                        = 1048576                                   {product} {ergonomic}
   size_t MinHeapSize                              = 8388608                                   {product} {ergonomic}
    uintx NonNMethodCodeHeapSize                   = 5839372                                {pd product} {ergonomic}
    uintx NonProfiledCodeHeapSize                  = 122909434                              {pd product} {ergonomic}
    uintx ProfiledCodeHeapSize                     = 122909434                              {pd product} {ergonomic}
    uintx ReservedCodeCacheSize                    = 251658240                              {pd product} {ergonomic}
     bool SegmentedCodeCache                       = true                                      {product} {ergonomic}
   size_t SoftMaxHeapSize                          = 2090860544                             {manageable} {ergonomic}
     bool UseCompressedClassPointers               = true                           {product lp64_product} {ergonomic}
     bool UseCompressedOops                        = true                           {product lp64_product} {ergonomic}
     bool UseG1GC                                  = true                                      {product} {ergonomic}
     bool UseLargePagesIndividualAllocation        = false                                  {pd product} {ergonomic}

Logging:
Log output configuration:
 #0: stdout all=warning uptime,level,tags
 #1: stderr all=off uptime,level,tags

Environment Variables:
JAVA_HOME=C:\Program Files\OpenLogic\jdk-17.0.12.7-hotspot\
PATH=C:\Program Files\OpenLogic\jdk-17.0.12.7-hotspot\bin;C:\WINDOWS\system32;C:\WINDOWS;C:\WINDOWS\System32\Wbem;C:\WINDOWS\System32\WindowsPowerShell\v1.0\;C:\WINDOWS\System32\OpenSSH\;C:\Users\omae1\AppData\Roaming\nvm;C:\Program Files\nodejs;C:\Program Files\nodejs\;C:\Program Files\HP\HP One Agent;c:\xampp\mysql\bin;C:\Program Files\apache\apache-maven-3.9.8-bin\apache-maven-3.9.8\bin;C:\Users\nerea\AppData\Local\Microsoft\WindowsApps;C:\Users\nerea\AppData\Local\Programs\Microsoft VS Code\bin;C:\Users\nerea\AppData\Local\Programs\Git\cmd;C:\Users\nerea\AppData\Roaming\npm
USERNAME=nerea
OS=Windows_NT
PROCESSOR_IDENTIFIER=Intel64 Family 6 Model 140 Stepping 1, GenuineIntel
TMP=C:\Users\nerea\AppData\Local\Temp
TEMP=C:\Users\nerea\AppData\Local\Temp



Periodic native trim disabled


---------------  S Y S T E M  ---------------

OS:
 Windows 11 , 64 bit Build 22621 (10.0.22621.4000)
OS uptime: 5 days 17:33 hours
Hyper-V role detected

CPU: total 8 (initial active 8) (4 cores per cpu, 2 threads per core) family 6 model 140 stepping 1 microcode 0xb4, cx8, cmov, fxsr, ht, mmx, 3dnowpref, sse, sse2, sse3, ssse3, sse4.1, sse4.2, popcnt, lzcnt, tsc, tscinvbit, avx, avx2, aes, erms, clmul, bmi1, bmi2, adx, avx512f, avx512dq, avx512cd, avx512bw, avx512vl, sha, fma, vzeroupper, avx512_vpopcntdq, avx512_vpclmulqdq, avx512_vaes, avx512_vnni, clflush, clflushopt, clwb, avx512_vbmi2, avx512_vbmi, hv
Processor Information for processor 0
  Max Mhz: 1997, Current Mhz: 1997, Mhz Limit: 1997
Processor Information for processor 1
  Max Mhz: 1997, Current Mhz: 1198, Mhz Limit: 1997
Processor Information for processor 2
  Max Mhz: 1997, Current Mhz: 1198, Mhz Limit: 1997
Processor Information for processor 3
  Max Mhz: 1997, Current Mhz: 1198, Mhz Limit: 1997
Processor Information for processor 4
  Max Mhz: 1997, Current Mhz: 1997, Mhz Limit: 1997
Processor Information for processor 5
  Max Mhz: 1997, Current Mhz: 1997, Mhz Limit: 1997
Processor Information for processor 6
  Max Mhz: 1997, Current Mhz: 1198, Mhz Limit: 1997
Processor Information for processor 7
  Max Mhz: 1997, Current Mhz: 1198, Mhz Limit: 1997

Memory: 4k page, system-wide physical 7975M (640M free)
TotalPageFile size 9867M (AvailPageFile size 5M)
current process WorkingSet (physical memory assigned to process): 99M, peak: 99M
current process commit charge ("private bytes"): 243M, peak: 244M

vm_info: OpenJDK 64-Bit Server VM (17.0.12+7-adhoc..jdk17u) for windows-amd64 JRE (17.0.12+7-adhoc..jdk17u), built on Jul 19 2024 06:16:42 by "" with MS VC++ 16.10 / 16.11 (VS2019)

END.
