#
# There is insufficient memory for the Java Runtime Environment to continue.
# Native memory allocation (malloc) failed to allocate 136576 bytes. Error detail: Chunk::new
# Possible reasons:
#   The system is out of physical RAM or swap space
#   This process is running with CompressedOops enabled, and the Java Heap may be blocking the growth of the native heap
# Possible solutions:
#   Reduce memory load on the system
#   Increase physical memory or swap space
#   Check if swap backing store is full
#   Decrease Java heap size (-Xmx/-Xms)
#   Decrease number of Java threads
#   Decrease Java thread stack sizes (-Xss)
#   Set larger code cache with -XX:ReservedCodeCacheSize=
#   JVM is running with Unscaled Compressed Oops mode in which the Java heap is
#     placed in the first 4GB address space. The Java Heap base address is the
#     maximum limit for the native heap growth. Please use -XX:HeapBaseMinAddress
#     to set the Java Heap base and to place the Java Heap above 4GB virtual address.
# This output file may be truncated or incomplete.
#
#  Out of Memory Error (arena.cpp:191), pid=21664, tid=9560
#
# JRE version: OpenJDK Runtime Environment OpenLogic-OpenJDK (17.0.12+7) (build 17.0.12+7-adhoc..jdk17u)
# Java VM: OpenJDK 64-Bit Server VM OpenLogic-OpenJDK (17.0.12+7-adhoc..jdk17u, mixed mode, sharing, tiered, compressed oops, compressed class ptrs, g1 gc, windows-amd64)
# No core dump will be written. Minidumps are not enabled by default on client versions of Windows
#

---------------  S U M M A R Y ------------

Command Line: -Xmx512m -Dclassworlds.conf=C:\Program Files\apache\apache-maven-3.9.8-bin\apache-maven-3.9.8\bin\m2.conf -Dmaven.home=C:\Program Files\apache\apache-maven-3.9.8-bin\apache-maven-3.9.8 -Dlibrary.jansi.path=C:\Program Files\apache\apache-maven-3.9.8-bin\apache-maven-3.9.8\lib\jansi-native -Dmaven.multiModuleProjectDirectory=C:\Users\nerea\OneDrive\Documentos\NetBeansProjects\helloworld org.codehaus.plexus.classworlds.launcher.Launcher clean install

Host: 11th Gen Intel(R) Core(TM) i3-1125G4 @ 2.00GHz, 8 cores, 7G,  Windows 11 , 64 bit Build 22621 (10.0.22621.4000)
Time: Wed Oct 30 15:13:28 2024 Hora estándar de Argentina elapsed time: 0.225252 seconds (0d 0h 0m 0s)

---------------  T H R E A D  ---------------

Current thread (0x0000027fc7b19730):  JavaThread "C2 CompilerThread0" daemon [_thread_in_native, id=9560, stack(0x000000f556300000,0x000000f556400000)]


Current CompileTask:
C2:    225  418       4       java.lang.StringLatin1::replace (198 bytes)

Stack: [0x000000f556300000,0x000000f556400000]
Native frames: (J=compiled Java code, j=interpreted, Vv=VM code, C=native code)
V  [jvm.dll+0x67f4f9]
V  [jvm.dll+0x836eaa]
V  [jvm.dll+0x83896e]
V  [jvm.dll+0x838fd3]
V  [jvm.dll+0x247f6f]
V  [jvm.dll+0xac9d4]
V  [jvm.dll+0xad01c]
V  [jvm.dll+0x2af56f]
V  [jvm.dll+0x5864f7]
V  [jvm.dll+0x222e12]
V  [jvm.dll+0x22320f]
V  [jvm.dll+0x21c330]
V  [jvm.dll+0x219831]
V  [jvm.dll+0x1a57bd]
V  [jvm.dll+0x22966d]
V  [jvm.dll+0x22781c]
V  [jvm.dll+0x7ebec7]
V  [jvm.dll+0x7e62ac]
V  [jvm.dll+0x67e3c7]
C  [ucrtbase.dll+0x29333]
C  [KERNEL32.DLL+0x1257d]
C  [ntdll.dll+0x5af08]


---------------  P R O C E S S  ---------------

Threads class SMR info:
_java_thread_list=0x000002800d0e85a0, length=13, elements={
0x0000027fa9cf7f70, 0x0000027fc7af8900, 0x0000027fc7af94c0, 0x0000027fc7b11350,
0x0000027fc7b13e20, 0x0000027fc7b167f0, 0x0000027fc7b177c0, 0x0000027fc7b19730,
0x0000027fc7b2d4a0, 0x0000027fc7b3bb00, 0x000002800d0d3fd0, 0x000002800d0e4d90,
0x000002800d225640
}

Java Threads: ( => current thread )
  0x0000027fa9cf7f70 JavaThread "main" [_thread_in_vm, id=15724, stack(0x000000f555600000,0x000000f555700000)]
  0x0000027fc7af8900 JavaThread "Reference Handler" daemon [_thread_blocked, id=17460, stack(0x000000f555d00000,0x000000f555e00000)]
  0x0000027fc7af94c0 JavaThread "Finalizer" daemon [_thread_blocked, id=3716, stack(0x000000f555e00000,0x000000f555f00000)]
  0x0000027fc7b11350 JavaThread "Signal Dispatcher" daemon [_thread_blocked, id=12636, stack(0x000000f555f00000,0x000000f556000000)]
  0x0000027fc7b13e20 JavaThread "Attach Listener" daemon [_thread_blocked, id=17228, stack(0x000000f556000000,0x000000f556100000)]
  0x0000027fc7b167f0 JavaThread "Service Thread" daemon [_thread_blocked, id=9628, stack(0x000000f556100000,0x000000f556200000)]
  0x0000027fc7b177c0 JavaThread "Monitor Deflation Thread" daemon [_thread_blocked, id=128, stack(0x000000f556200000,0x000000f556300000)]
=>0x0000027fc7b19730 JavaThread "C2 CompilerThread0" daemon [_thread_in_native, id=9560, stack(0x000000f556300000,0x000000f556400000)]
  0x0000027fc7b2d4a0 JavaThread "C1 CompilerThread0" daemon [_thread_in_native, id=11244, stack(0x000000f556400000,0x000000f556500000)]
  0x0000027fc7b3bb00 JavaThread "Sweeper thread" daemon [_thread_blocked, id=20988, stack(0x000000f556500000,0x000000f556600000)]
  0x000002800d0d3fd0 JavaThread "Notification Thread" daemon [_thread_blocked, id=20256, stack(0x000000f556600000,0x000000f556700000)]
  0x000002800d0e4d90 JavaThread "Common-Cleaner" daemon [_thread_blocked, id=20232, stack(0x000000f556800000,0x000000f556900000)]
  0x000002800d225640 JavaThread "C2 CompilerThread1" daemon [_thread_in_native, id=18792, stack(0x000000f556900000,0x000000f556a00000)]

Other Threads:
  0x0000027fc7af22a0 VMThread "VM Thread" [stack: 0x000000f555c00000,0x000000f555d00000] [id=12716]
  0x000002800d0d6ce0 WatcherThread [stack: 0x000000f556700000,0x000000f556800000] [id=9908]
  0x0000027fa9d259f0 GCTaskThread "GC Thread#0" [stack: 0x000000f555700000,0x000000f555800000] [id=8452]
  0x0000027fa9d2a940 ConcurrentGCThread "G1 Main Marker" [stack: 0x000000f555800000,0x000000f555900000] [id=2292]
  0x0000027fa9d2b360 ConcurrentGCThread "G1 Conc#0" [stack: 0x000000f555900000,0x000000f555a00000] [id=21020]
  0x0000027fa9da49a0 ConcurrentGCThread "G1 Refine#0" [stack: 0x000000f555a00000,0x000000f555b00000] [id=21000]
  0x0000027fc79c05e0 ConcurrentGCThread "G1 Service" [stack: 0x000000f555b00000,0x000000f555c00000] [id=372]

Threads with active compile tasks:
C2 CompilerThread0      245  418       4       java.lang.StringLatin1::replace (198 bytes)
C1 CompilerThread0      245  440       3       java.net.URLStreamHandler::parseURL (1201 bytes)
C2 CompilerThread1      245  449 %     4       java.lang.StringLatin1::indexOf @ 14 (121 bytes)

VM state: not at safepoint (normal execution)

VM Mutex/Monitor currently owned by a thread: None

Heap address: 0x00000000e0000000, size: 512 MB, Compressed Oops mode: 32-bit

CDS archive(s) mapped at: [0x0000027fc8000000-0x0000027fc8bc0000-0x0000027fc8bc0000), size 12320768, SharedBaseAddress: 0x0000027fc8000000, ArchiveRelocationMode: 1.
Compressed class space mapped at: 0x0000027fc9000000-0x0000028009000000, reserved size: 1073741824
Narrow klass base: 0x0000027fc8000000, Narrow klass shift: 0, Narrow klass range: 0x100000000

GC Precious Log:
 CPUs: 8 total, 8 available
 Memory: 7975M
 Large Page Support: Disabled
 NUMA Support: Disabled
 Compressed Oops: Enabled (32-bit)
 Heap Region Size: 1M
 Heap Min Capacity: 8M
 Heap Initial Capacity: 126M
 Heap Max Capacity: 512M
 Pre-touch: Disabled
 Parallel Workers: 8
 Concurrent Workers: 2
 Concurrent Refinement Workers: 8
 Periodic GC: Disabled

Heap:
 garbage-first heap   total 129024K, used 6144K [0x00000000e0000000, 0x0000000100000000)
  region size 1024K, 7 young (7168K), 0 survivors (0K)
 Metaspace       used 1818K, committed 1984K, reserved 1114112K
  class space    used 177K, committed 256K, reserved 1048576K

Heap Regions: E=young(eden), S=young(survivor), O=old, HS=humongous(starts), HC=humongous(continues), CS=collection set, F=free, OA=open archive, CA=closed archive, TAMS=top-at-mark-start (previous, next)
|   0|0x00000000e0000000, 0x00000000e0000000, 0x00000000e0100000|  0%| F|  |TAMS 0x00000000e0000000, 0x00000000e0000000| Untracked 
|   1|0x00000000e0100000, 0x00000000e0100000, 0x00000000e0200000|  0%| F|  |TAMS 0x00000000e0100000, 0x00000000e0100000| Untracked 
|   2|0x00000000e0200000, 0x00000000e0200000, 0x00000000e0300000|  0%| F|  |TAMS 0x00000000e0200000, 0x00000000e0200000| Untracked 
|   3|0x00000000e0300000, 0x00000000e0300000, 0x00000000e0400000|  0%| F|  |TAMS 0x00000000e0300000, 0x00000000e0300000| Untracked 
|   4|0x00000000e0400000, 0x00000000e0400000, 0x00000000e0500000|  0%| F|  |TAMS 0x00000000e0400000, 0x00000000e0400000| Untracked 
|   5|0x00000000e0500000, 0x00000000e0500000, 0x00000000e0600000|  0%| F|  |TAMS 0x00000000e0500000, 0x00000000e0500000| Untracked 
|   6|0x00000000e0600000, 0x00000000e0600000, 0x00000000e0700000|  0%| F|  |TAMS 0x00000000e0600000, 0x00000000e0600000| Untracked 
|   7|0x00000000e0700000, 0x00000000e0700000, 0x00000000e0800000|  0%| F|  |TAMS 0x00000000e0700000, 0x00000000e0700000| Untracked 
|   8|0x00000000e0800000, 0x00000000e0800000, 0x00000000e0900000|  0%| F|  |TAMS 0x00000000e0800000, 0x00000000e0800000| Untracked 
|   9|0x00000000e0900000, 0x00000000e0900000, 0x00000000e0a00000|  0%| F|  |TAMS 0x00000000e0900000, 0x00000000e0900000| Untracked 
|  10|0x00000000e0a00000, 0x00000000e0a00000, 0x00000000e0b00000|  0%| F|  |TAMS 0x00000000e0a00000, 0x00000000e0a00000| Untracked 
|  11|0x00000000e0b00000, 0x00000000e0b00000, 0x00000000e0c00000|  0%| F|  |TAMS 0x00000000e0b00000, 0x00000000e0b00000| Untracked 
|  12|0x00000000e0c00000, 0x00000000e0c00000, 0x00000000e0d00000|  0%| F|  |TAMS 0x00000000e0c00000, 0x00000000e0c00000| Untracked 
|  13|0x00000000e0d00000, 0x00000000e0d00000, 0x00000000e0e00000|  0%| F|  |TAMS 0x00000000e0d00000, 0x00000000e0d00000| Untracked 
|  14|0x00000000e0e00000, 0x00000000e0e00000, 0x00000000e0f00000|  0%| F|  |TAMS 0x00000000e0e00000, 0x00000000e0e00000| Untracked 
|  15|0x00000000e0f00000, 0x00000000e0f00000, 0x00000000e1000000|  0%| F|  |TAMS 0x00000000e0f00000, 0x00000000e0f00000| Untracked 
|  16|0x00000000e1000000, 0x00000000e1000000, 0x00000000e1100000|  0%| F|  |TAMS 0x00000000e1000000, 0x00000000e1000000| Untracked 
|  17|0x00000000e1100000, 0x00000000e1100000, 0x00000000e1200000|  0%| F|  |TAMS 0x00000000e1100000, 0x00000000e1100000| Untracked 
|  18|0x00000000e1200000, 0x00000000e1200000, 0x00000000e1300000|  0%| F|  |TAMS 0x00000000e1200000, 0x00000000e1200000| Untracked 
|  19|0x00000000e1300000, 0x00000000e1300000, 0x00000000e1400000|  0%| F|  |TAMS 0x00000000e1300000, 0x00000000e1300000| Untracked 
|  20|0x00000000e1400000, 0x00000000e1400000, 0x00000000e1500000|  0%| F|  |TAMS 0x00000000e1400000, 0x00000000e1400000| Untracked 
|  21|0x00000000e1500000, 0x00000000e1500000, 0x00000000e1600000|  0%| F|  |TAMS 0x00000000e1500000, 0x00000000e1500000| Untracked 
|  22|0x00000000e1600000, 0x00000000e1600000, 0x00000000e1700000|  0%| F|  |TAMS 0x00000000e1600000, 0x00000000e1600000| Untracked 
|  23|0x00000000e1700000, 0x00000000e1700000, 0x00000000e1800000|  0%| F|  |TAMS 0x00000000e1700000, 0x00000000e1700000| Untracked 
|  24|0x00000000e1800000, 0x00000000e1800000, 0x00000000e1900000|  0%| F|  |TAMS 0x00000000e1800000, 0x00000000e1800000| Untracked 
|  25|0x00000000e1900000, 0x00000000e1900000, 0x00000000e1a00000|  0%| F|  |TAMS 0x00000000e1900000, 0x00000000e1900000| Untracked 
|  26|0x00000000e1a00000, 0x00000000e1a00000, 0x00000000e1b00000|  0%| F|  |TAMS 0x00000000e1a00000, 0x00000000e1a00000| Untracked 
|  27|0x00000000e1b00000, 0x00000000e1b00000, 0x00000000e1c00000|  0%| F|  |TAMS 0x00000000e1b00000, 0x00000000e1b00000| Untracked 
|  28|0x00000000e1c00000, 0x00000000e1c00000, 0x00000000e1d00000|  0%| F|  |TAMS 0x00000000e1c00000, 0x00000000e1c00000| Untracked 
|  29|0x00000000e1d00000, 0x00000000e1d00000, 0x00000000e1e00000|  0%| F|  |TAMS 0x00000000e1d00000, 0x00000000e1d00000| Untracked 
|  30|0x00000000e1e00000, 0x00000000e1e00000, 0x00000000e1f00000|  0%| F|  |TAMS 0x00000000e1e00000, 0x00000000e1e00000| Untracked 
|  31|0x00000000e1f00000, 0x00000000e1f00000, 0x00000000e2000000|  0%| F|  |TAMS 0x00000000e1f00000, 0x00000000e1f00000| Untracked 
|  32|0x00000000e2000000, 0x00000000e2000000, 0x00000000e2100000|  0%| F|  |TAMS 0x00000000e2000000, 0x00000000e2000000| Untracked 
|  33|0x00000000e2100000, 0x00000000e2100000, 0x00000000e2200000|  0%| F|  |TAMS 0x00000000e2100000, 0x00000000e2100000| Untracked 
|  34|0x00000000e2200000, 0x00000000e2200000, 0x00000000e2300000|  0%| F|  |TAMS 0x00000000e2200000, 0x00000000e2200000| Untracked 
|  35|0x00000000e2300000, 0x00000000e2300000, 0x00000000e2400000|  0%| F|  |TAMS 0x00000000e2300000, 0x00000000e2300000| Untracked 
|  36|0x00000000e2400000, 0x00000000e2400000, 0x00000000e2500000|  0%| F|  |TAMS 0x00000000e2400000, 0x00000000e2400000| Untracked 
|  37|0x00000000e2500000, 0x00000000e2500000, 0x00000000e2600000|  0%| F|  |TAMS 0x00000000e2500000, 0x00000000e2500000| Untracked 
|  38|0x00000000e2600000, 0x00000000e2600000, 0x00000000e2700000|  0%| F|  |TAMS 0x00000000e2600000, 0x00000000e2600000| Untracked 
|  39|0x00000000e2700000, 0x00000000e2700000, 0x00000000e2800000|  0%| F|  |TAMS 0x00000000e2700000, 0x00000000e2700000| Untracked 
|  40|0x00000000e2800000, 0x00000000e2800000, 0x00000000e2900000|  0%| F|  |TAMS 0x00000000e2800000, 0x00000000e2800000| Untracked 
|  41|0x00000000e2900000, 0x00000000e2900000, 0x00000000e2a00000|  0%| F|  |TAMS 0x00000000e2900000, 0x00000000e2900000| Untracked 
|  42|0x00000000e2a00000, 0x00000000e2a00000, 0x00000000e2b00000|  0%| F|  |TAMS 0x00000000e2a00000, 0x00000000e2a00000| Untracked 
|  43|0x00000000e2b00000, 0x00000000e2b00000, 0x00000000e2c00000|  0%| F|  |TAMS 0x00000000e2b00000, 0x00000000e2b00000| Untracked 
|  44|0x00000000e2c00000, 0x00000000e2c00000, 0x00000000e2d00000|  0%| F|  |TAMS 0x00000000e2c00000, 0x00000000e2c00000| Untracked 
|  45|0x00000000e2d00000, 0x00000000e2d00000, 0x00000000e2e00000|  0%| F|  |TAMS 0x00000000e2d00000, 0x00000000e2d00000| Untracked 
|  46|0x00000000e2e00000, 0x00000000e2e00000, 0x00000000e2f00000|  0%| F|  |TAMS 0x00000000e2e00000, 0x00000000e2e00000| Untracked 
|  47|0x00000000e2f00000, 0x00000000e2f00000, 0x00000000e3000000|  0%| F|  |TAMS 0x00000000e2f00000, 0x00000000e2f00000| Untracked 
|  48|0x00000000e3000000, 0x00000000e3000000, 0x00000000e3100000|  0%| F|  |TAMS 0x00000000e3000000, 0x00000000e3000000| Untracked 
|  49|0x00000000e3100000, 0x00000000e3100000, 0x00000000e3200000|  0%| F|  |TAMS 0x00000000e3100000, 0x00000000e3100000| Untracked 
|  50|0x00000000e3200000, 0x00000000e3200000, 0x00000000e3300000|  0%| F|  |TAMS 0x00000000e3200000, 0x00000000e3200000| Untracked 
|  51|0x00000000e3300000, 0x00000000e3300000, 0x00000000e3400000|  0%| F|  |TAMS 0x00000000e3300000, 0x00000000e3300000| Untracked 
|  52|0x00000000e3400000, 0x00000000e3400000, 0x00000000e3500000|  0%| F|  |TAMS 0x00000000e3400000, 0x00000000e3400000| Untracked 
|  53|0x00000000e3500000, 0x00000000e3500000, 0x00000000e3600000|  0%| F|  |TAMS 0x00000000e3500000, 0x00000000e3500000| Untracked 
|  54|0x00000000e3600000, 0x00000000e3600000, 0x00000000e3700000|  0%| F|  |TAMS 0x00000000e3600000, 0x00000000e3600000| Untracked 
|  55|0x00000000e3700000, 0x00000000e3700000, 0x00000000e3800000|  0%| F|  |TAMS 0x00000000e3700000, 0x00000000e3700000| Untracked 
|  56|0x00000000e3800000, 0x00000000e3800000, 0x00000000e3900000|  0%| F|  |TAMS 0x00000000e3800000, 0x00000000e3800000| Untracked 
|  57|0x00000000e3900000, 0x00000000e3900000, 0x00000000e3a00000|  0%| F|  |TAMS 0x00000000e3900000, 0x00000000e3900000| Untracked 
|  58|0x00000000e3a00000, 0x00000000e3a00000, 0x00000000e3b00000|  0%| F|  |TAMS 0x00000000e3a00000, 0x00000000e3a00000| Untracked 
|  59|0x00000000e3b00000, 0x00000000e3b00000, 0x00000000e3c00000|  0%| F|  |TAMS 0x00000000e3b00000, 0x00000000e3b00000| Untracked 
|  60|0x00000000e3c00000, 0x00000000e3c00000, 0x00000000e3d00000|  0%| F|  |TAMS 0x00000000e3c00000, 0x00000000e3c00000| Untracked 
|  61|0x00000000e3d00000, 0x00000000e3d00000, 0x00000000e3e00000|  0%| F|  |TAMS 0x00000000e3d00000, 0x00000000e3d00000| Untracked 
|  62|0x00000000e3e00000, 0x00000000e3e00000, 0x00000000e3f00000|  0%| F|  |TAMS 0x00000000e3e00000, 0x00000000e3e00000| Untracked 
|  63|0x00000000e3f00000, 0x00000000e3f00000, 0x00000000e4000000|  0%| F|  |TAMS 0x00000000e3f00000, 0x00000000e3f00000| Untracked 
|  64|0x00000000e4000000, 0x00000000e4000000, 0x00000000e4100000|  0%| F|  |TAMS 0x00000000e4000000, 0x00000000e4000000| Untracked 
|  65|0x00000000e4100000, 0x00000000e4100000, 0x00000000e4200000|  0%| F|  |TAMS 0x00000000e4100000, 0x00000000e4100000| Untracked 
|  66|0x00000000e4200000, 0x00000000e4200000, 0x00000000e4300000|  0%| F|  |TAMS 0x00000000e4200000, 0x00000000e4200000| Untracked 
|  67|0x00000000e4300000, 0x00000000e4300000, 0x00000000e4400000|  0%| F|  |TAMS 0x00000000e4300000, 0x00000000e4300000| Untracked 
|  68|0x00000000e4400000, 0x00000000e4400000, 0x00000000e4500000|  0%| F|  |TAMS 0x00000000e4400000, 0x00000000e4400000| Untracked 
|  69|0x00000000e4500000, 0x00000000e4500000, 0x00000000e4600000|  0%| F|  |TAMS 0x00000000e4500000, 0x00000000e4500000| Untracked 
|  70|0x00000000e4600000, 0x00000000e4600000, 0x00000000e4700000|  0%| F|  |TAMS 0x00000000e4600000, 0x00000000e4600000| Untracked 
|  71|0x00000000e4700000, 0x00000000e4700000, 0x00000000e4800000|  0%| F|  |TAMS 0x00000000e4700000, 0x00000000e4700000| Untracked 
|  72|0x00000000e4800000, 0x00000000e4800000, 0x00000000e4900000|  0%| F|  |TAMS 0x00000000e4800000, 0x00000000e4800000| Untracked 
|  73|0x00000000e4900000, 0x00000000e4900000, 0x00000000e4a00000|  0%| F|  |TAMS 0x00000000e4900000, 0x00000000e4900000| Untracked 
|  74|0x00000000e4a00000, 0x00000000e4a00000, 0x00000000e4b00000|  0%| F|  |TAMS 0x00000000e4a00000, 0x00000000e4a00000| Untracked 
|  75|0x00000000e4b00000, 0x00000000e4b00000, 0x00000000e4c00000|  0%| F|  |TAMS 0x00000000e4b00000, 0x00000000e4b00000| Untracked 
|  76|0x00000000e4c00000, 0x00000000e4c00000, 0x00000000e4d00000|  0%| F|  |TAMS 0x00000000e4c00000, 0x00000000e4c00000| Untracked 
|  77|0x00000000e4d00000, 0x00000000e4d00000, 0x00000000e4e00000|  0%| F|  |TAMS 0x00000000e4d00000, 0x00000000e4d00000| Untracked 
|  78|0x00000000e4e00000, 0x00000000e4e00000, 0x00000000e4f00000|  0%| F|  |TAMS 0x00000000e4e00000, 0x00000000e4e00000| Untracked 
|  79|0x00000000e4f00000, 0x00000000e4f00000, 0x00000000e5000000|  0%| F|  |TAMS 0x00000000e4f00000, 0x00000000e4f00000| Untracked 
|  80|0x00000000e5000000, 0x00000000e5000000, 0x00000000e5100000|  0%| F|  |TAMS 0x00000000e5000000, 0x00000000e5000000| Untracked 
|  81|0x00000000e5100000, 0x00000000e5100000, 0x00000000e5200000|  0%| F|  |TAMS 0x00000000e5100000, 0x00000000e5100000| Untracked 
|  82|0x00000000e5200000, 0x00000000e5200000, 0x00000000e5300000|  0%| F|  |TAMS 0x00000000e5200000, 0x00000000e5200000| Untracked 
|  83|0x00000000e5300000, 0x00000000e5300000, 0x00000000e5400000|  0%| F|  |TAMS 0x00000000e5300000, 0x00000000e5300000| Untracked 
|  84|0x00000000e5400000, 0x00000000e5400000, 0x00000000e5500000|  0%| F|  |TAMS 0x00000000e5400000, 0x00000000e5400000| Untracked 
|  85|0x00000000e5500000, 0x00000000e5500000, 0x00000000e5600000|  0%| F|  |TAMS 0x00000000e5500000, 0x00000000e5500000| Untracked 
|  86|0x00000000e5600000, 0x00000000e5600000, 0x00000000e5700000|  0%| F|  |TAMS 0x00000000e5600000, 0x00000000e5600000| Untracked 
|  87|0x00000000e5700000, 0x00000000e5700000, 0x00000000e5800000|  0%| F|  |TAMS 0x00000000e5700000, 0x00000000e5700000| Untracked 
|  88|0x00000000e5800000, 0x00000000e5800000, 0x00000000e5900000|  0%| F|  |TAMS 0x00000000e5800000, 0x00000000e5800000| Untracked 
|  89|0x00000000e5900000, 0x00000000e5900000, 0x00000000e5a00000|  0%| F|  |TAMS 0x00000000e5900000, 0x00000000e5900000| Untracked 
|  90|0x00000000e5a00000, 0x00000000e5a00000, 0x00000000e5b00000|  0%| F|  |TAMS 0x00000000e5a00000, 0x00000000e5a00000| Untracked 
|  91|0x00000000e5b00000, 0x00000000e5b00000, 0x00000000e5c00000|  0%| F|  |TAMS 0x00000000e5b00000, 0x00000000e5b00000| Untracked 
|  92|0x00000000e5c00000, 0x00000000e5c00000, 0x00000000e5d00000|  0%| F|  |TAMS 0x00000000e5c00000, 0x00000000e5c00000| Untracked 
|  93|0x00000000e5d00000, 0x00000000e5d00000, 0x00000000e5e00000|  0%| F|  |TAMS 0x00000000e5d00000, 0x00000000e5d00000| Untracked 
|  94|0x00000000e5e00000, 0x00000000e5e00000, 0x00000000e5f00000|  0%| F|  |TAMS 0x00000000e5e00000, 0x00000000e5e00000| Untracked 
|  95|0x00000000e5f00000, 0x00000000e5f00000, 0x00000000e6000000|  0%| F|  |TAMS 0x00000000e5f00000, 0x00000000e5f00000| Untracked 
|  96|0x00000000e6000000, 0x00000000e6000000, 0x00000000e6100000|  0%| F|  |TAMS 0x00000000e6000000, 0x00000000e6000000| Untracked 
|  97|0x00000000e6100000, 0x00000000e6100000, 0x00000000e6200000|  0%| F|  |TAMS 0x00000000e6100000, 0x00000000e6100000| Untracked 
|  98|0x00000000e6200000, 0x00000000e6200000, 0x00000000e6300000|  0%| F|  |TAMS 0x00000000e6200000, 0x00000000e6200000| Untracked 
|  99|0x00000000e6300000, 0x00000000e6300000, 0x00000000e6400000|  0%| F|  |TAMS 0x00000000e6300000, 0x00000000e6300000| Untracked 
| 100|0x00000000e6400000, 0x00000000e6400000, 0x00000000e6500000|  0%| F|  |TAMS 0x00000000e6400000, 0x00000000e6400000| Untracked 
| 101|0x00000000e6500000, 0x00000000e6500000, 0x00000000e6600000|  0%| F|  |TAMS 0x00000000e6500000, 0x00000000e6500000| Untracked 
| 102|0x00000000e6600000, 0x00000000e6600000, 0x00000000e6700000|  0%| F|  |TAMS 0x00000000e6600000, 0x00000000e6600000| Untracked 
| 103|0x00000000e6700000, 0x00000000e6700000, 0x00000000e6800000|  0%| F|  |TAMS 0x00000000e6700000, 0x00000000e6700000| Untracked 
| 104|0x00000000e6800000, 0x00000000e6800000, 0x00000000e6900000|  0%| F|  |TAMS 0x00000000e6800000, 0x00000000e6800000| Untracked 
| 105|0x00000000e6900000, 0x00000000e6900000, 0x00000000e6a00000|  0%| F|  |TAMS 0x00000000e6900000, 0x00000000e6900000| Untracked 
| 106|0x00000000e6a00000, 0x00000000e6a00000, 0x00000000e6b00000|  0%| F|  |TAMS 0x00000000e6a00000, 0x00000000e6a00000| Untracked 
| 107|0x00000000e6b00000, 0x00000000e6b00000, 0x00000000e6c00000|  0%| F|  |TAMS 0x00000000e6b00000, 0x00000000e6b00000| Untracked 
| 108|0x00000000e6c00000, 0x00000000e6c00000, 0x00000000e6d00000|  0%| F|  |TAMS 0x00000000e6c00000, 0x00000000e6c00000| Untracked 
| 109|0x00000000e6d00000, 0x00000000e6d00000, 0x00000000e6e00000|  0%| F|  |TAMS 0x00000000e6d00000, 0x00000000e6d00000| Untracked 
| 110|0x00000000e6e00000, 0x00000000e6e00000, 0x00000000e6f00000|  0%| F|  |TAMS 0x00000000e6e00000, 0x00000000e6e00000| Untracked 
| 111|0x00000000e6f00000, 0x00000000e6f00000, 0x00000000e7000000|  0%| F|  |TAMS 0x00000000e6f00000, 0x00000000e6f00000| Untracked 
| 112|0x00000000e7000000, 0x00000000e7000000, 0x00000000e7100000|  0%| F|  |TAMS 0x00000000e7000000, 0x00000000e7000000| Untracked 
| 113|0x00000000e7100000, 0x00000000e7100000, 0x00000000e7200000|  0%| F|  |TAMS 0x00000000e7100000, 0x00000000e7100000| Untracked 
| 114|0x00000000e7200000, 0x00000000e7200000, 0x00000000e7300000|  0%| F|  |TAMS 0x00000000e7200000, 0x00000000e7200000| Untracked 
| 115|0x00000000e7300000, 0x00000000e7300000, 0x00000000e7400000|  0%| F|  |TAMS 0x00000000e7300000, 0x00000000e7300000| Untracked 
| 116|0x00000000e7400000, 0x00000000e7400000, 0x00000000e7500000|  0%| F|  |TAMS 0x00000000e7400000, 0x00000000e7400000| Untracked 
| 117|0x00000000e7500000, 0x00000000e7500000, 0x00000000e7600000|  0%| F|  |TAMS 0x00000000e7500000, 0x00000000e7500000| Untracked 
| 118|0x00000000e7600000, 0x00000000e7600000, 0x00000000e7700000|  0%| F|  |TAMS 0x00000000e7600000, 0x00000000e7600000| Untracked 
| 119|0x00000000e7700000, 0x00000000e77f1918, 0x00000000e7800000| 94%| E|  |TAMS 0x00000000e7700000, 0x00000000e7700000| Complete 
| 120|0x00000000e7800000, 0x00000000e7900000, 0x00000000e7900000|100%| E|CS|TAMS 0x00000000e7800000, 0x00000000e7800000| Complete 
| 121|0x00000000e7900000, 0x00000000e7a00000, 0x00000000e7a00000|100%| E|CS|TAMS 0x00000000e7900000, 0x00000000e7900000| Complete 
| 122|0x00000000e7a00000, 0x00000000e7b00000, 0x00000000e7b00000|100%| E|CS|TAMS 0x00000000e7a00000, 0x00000000e7a00000| Complete 
| 123|0x00000000e7b00000, 0x00000000e7c00000, 0x00000000e7c00000|100%| E|CS|TAMS 0x00000000e7b00000, 0x00000000e7b00000| Complete 
| 124|0x00000000e7c00000, 0x00000000e7d00000, 0x00000000e7d00000|100%| E|CS|TAMS 0x00000000e7c00000, 0x00000000e7c00000| Complete 
| 125|0x00000000e7d00000, 0x00000000e7e00000, 0x00000000e7e00000|100%| E|CS|TAMS 0x00000000e7d00000, 0x00000000e7d00000| Complete 

Card table byte_map: [0x0000027fc3f00000,0x0000027fc4000000] _byte_map_base: 0x0000027fc3800000

Marking Bits (Prev, Next): (CMBitMap*) 0x0000027fa9d26010, (CMBitMap*) 0x0000027fa9d26050
 Prev Bits: [0x0000027fc4100000, 0x0000027fc4900000)
 Next Bits: [0x0000027fc4900000, 0x0000027fc5100000)

Polling page: 0x0000027fa9db0000

Metaspace:

Usage:
  Non-class:      1.60 MB used.
      Class:    177.43 KB used.
       Both:      1.78 MB used.

Virtual space:
  Non-class space:       64.00 MB reserved,       1.69 MB (  3%) committed,  1 nodes.
      Class space:        1.00 GB reserved,     256.00 KB ( <1%) committed,  1 nodes.
             Both:        1.06 GB reserved,       1.94 MB ( <1%) committed. 

Chunk freelists:
   Non-Class:  11.31 MB
       Class:  15.64 MB
        Both:  26.95 MB

MaxMetaspaceSize: unlimited
CompressedClassSpaceSize: 1.00 GB
Initial GC threshold: 21.00 MB
Current GC threshold: 21.00 MB
CDS: on
MetaspaceReclaimPolicy: balanced
 - commit_granule_bytes: 65536.
 - commit_granule_words: 8192.
 - virtual_space_node_default_size: 8388608.
 - enlarge_chunks_in_place: 1.
 - new_chunks_are_fully_committed: 0.
 - uncommit_free_chunks: 1.
 - use_allocation_guard: 0.
 - handle_deallocations: 1.


Internal statistics:

num_allocs_failed_limit: 0.
num_arena_births: 28.
num_arena_deaths: 0.
num_vsnodes_births: 2.
num_vsnodes_deaths: 0.
num_space_committed: 31.
num_space_uncommitted: 0.
num_chunks_returned_to_freelist: 0.
num_chunks_taken_from_freelist: 77.
num_chunk_merges: 0.
num_chunk_splits: 44.
num_chunks_enlarged: 33.
num_inconsistent_stats: 0.

CodeHeap 'non-profiled nmethods': size=120000Kb used=137Kb max_used=137Kb free=119862Kb
 bounds [0x0000027fbbe50000, 0x0000027fbc0c0000, 0x0000027fc3380000]
CodeHeap 'profiled nmethods': size=120000Kb used=662Kb max_used=662Kb free=119337Kb
 bounds [0x0000027fb4380000, 0x0000027fb45f0000, 0x0000027fbb8b0000]
CodeHeap 'non-nmethods': size=5760Kb used=1124Kb max_used=1144Kb free=4635Kb
 bounds [0x0000027fbb8b0000, 0x0000027fbbb20000, 0x0000027fbbe50000]
 total_blobs=832 nmethods=440 adapters=305
 compilation: enabled
              stopped_count=0, restarted_count=0
 full_count=0

Compilation events (20 events):
Event: 0.217 Thread 0x000002800d225640 nmethod 409 0x0000027fbbe70590 code [0x0000027fbbe70720, 0x0000027fbbe709f8]
Event: 0.217 Thread 0x0000027fc7b2d4a0 nmethod 416 0x0000027fb4418a10 code [0x0000027fb4418bc0, 0x0000027fb4418e08]
Event: 0.217 Thread 0x0000027fc7b2d4a0  417       3       java.io.WinNTFileSystem::normalize (224 bytes)
Event: 0.218 Thread 0x0000027fc7b2d4a0 nmethod 417 0x0000027fb4418f10 code [0x0000027fb4419300, 0x0000027fb441af38]
Event: 0.218 Thread 0x0000027fc7b19730  418       4       java.lang.StringLatin1::replace (198 bytes)
Event: 0.219 Thread 0x0000027fc7b2d4a0  419       3       org.codehaus.plexus.classworlds.realm.ClassRealm::getClassLoadingLock (38 bytes)
Event: 0.219 Thread 0x0000027fc7b2d4a0 nmethod 419 0x0000027fb441ba10 code [0x0000027fb441bbe0, 0x0000027fb441bee8]
Event: 0.219 Thread 0x0000027fc7b2d4a0  420       3       sun.net.util.IPAddressUtil::scan (92 bytes)
Event: 0.219 Thread 0x0000027fc7b2d4a0 nmethod 420 0x0000027fb441c090 code [0x0000027fb441c300, 0x0000027fb441ce98]
Event: 0.220 Thread 0x0000027fc7b2d4a0  421       3       java.util.zip.ZipFile$1::getMetaInfVersions (5 bytes)
Event: 0.220 Thread 0x0000027fc7b2d4a0 nmethod 421 0x0000027fb441d490 code [0x0000027fb441d640, 0x0000027fb441d8c8]
Event: 0.220 Thread 0x0000027fc7b2d4a0  423       3       java.util.WeakHashMap::indexFor (6 bytes)
Event: 0.220 Thread 0x0000027fc7b2d4a0 nmethod 423 0x0000027fb441da90 code [0x0000027fb441dc20, 0x0000027fb441dd18]
Event: 0.220 Thread 0x0000027fc7b2d4a0  422   !   3       java.util.zip.ZipFile::getMetaInfVersions (26 bytes)
Event: 0.220 Thread 0x0000027fc7b2d4a0 nmethod 422 0x0000027fb441dd90 code [0x0000027fb441df40, 0x0000027fb441e168]
Event: 0.221 Thread 0x0000027fc7b2d4a0  424       3       jdk.internal.access.SharedSecrets::javaUtilJarAccess (19 bytes)
Event: 0.221 Thread 0x0000027fc7b2d4a0 nmethod 424 0x0000027fb441e310 code [0x0000027fb441e500, 0x0000027fb441e8c8]
Event: 0.221 Thread 0x000002800d225640  425       4       java.lang.String::hashCode (60 bytes)
Event: 0.222 Thread 0x0000027fc7b2d4a0  427       3       java.nio.DirectLongBufferU::ix (10 bytes)
Event: 0.222 Thread 0x0000027fc7b2d4a0 nmethod 427 0x0000027fb441ea90 code [0x0000027fb441ec20, 0x0000027fb441ed38]

GC Heap History (0 events):
No events

Dll operation events (8 events):
Event: 0.009 Loaded shared library C:\Program Files\OpenLogic\jdk-17.0.12.7-hotspot\bin\java.dll
Event: 0.025 Loaded shared library C:\Program Files\OpenLogic\jdk-17.0.12.7-hotspot\bin\jsvml.dll
Event: 0.055 Loaded shared library C:\Program Files\OpenLogic\jdk-17.0.12.7-hotspot\bin\net.dll
Event: 0.057 Loaded shared library C:\Program Files\OpenLogic\jdk-17.0.12.7-hotspot\bin\nio.dll
Event: 0.059 Loaded shared library C:\Program Files\OpenLogic\jdk-17.0.12.7-hotspot\bin\zip.dll
Event: 0.175 Loaded shared library C:\Program Files\OpenLogic\jdk-17.0.12.7-hotspot\bin\jimage.dll
Event: 0.177 Loaded shared library C:\Program Files\apache\apache-maven-3.9.8-bin\apache-maven-3.9.8\lib\jansi-native\Windows\x86_64\jansi.dll
Event: 0.190 Loaded shared library C:\Program Files\OpenLogic\jdk-17.0.12.7-hotspot\bin\verify.dll

Deoptimization events (4 events):
Event: 0.089 Thread 0x0000027fa9cf7f70 Uncommon trap: trap_request=0xffffff45 fr.pc=0x0000027fbbe541dc relative=0x00000000000001bc
Event: 0.089 Thread 0x0000027fa9cf7f70 Uncommon trap: reason=unstable_if action=reinterpret pc=0x0000027fbbe541dc method=java.lang.String.hashCode()I @ 13 c2
Event: 0.089 Thread 0x0000027fa9cf7f70 DEOPT PACKING pc=0x0000027fbbe541dc sp=0x000000f5556fd600
Event: 0.089 Thread 0x0000027fa9cf7f70 DEOPT UNPACKING pc=0x0000027fbb90a1a3 sp=0x000000f5556fd598 mode 2

Classes loaded (20 events):
Event: 0.212 Loading class java/util/concurrent/LinkedBlockingQueue
Event: 0.212 Loading class java/util/concurrent/BlockingQueue
Event: 0.212 Loading class java/util/concurrent/BlockingQueue done
Event: 0.212 Loading class java/util/AbstractQueue
Event: 0.212 Loading class java/util/AbstractQueue done
Event: 0.212 Loading class java/util/concurrent/LinkedBlockingQueue done
Event: 0.212 Loading class java/util/concurrent/locks/AbstractQueuedSynchronizer$ConditionObject
Event: 0.212 Loading class java/util/concurrent/locks/Condition
Event: 0.213 Loading class java/util/concurrent/locks/Condition done
Event: 0.213 Loading class java/util/concurrent/locks/AbstractQueuedSynchronizer$ConditionObject done
Event: 0.213 Loading class java/util/concurrent/LinkedBlockingQueue$Node
Event: 0.213 Loading class java/util/concurrent/LinkedBlockingQueue$Node done
Event: 0.214 Loading class java/net/URLClassLoader$3
Event: 0.214 Loading class java/net/URLClassLoader$3 done
Event: 0.214 Loading class java/net/URLClassLoader$3$1
Event: 0.215 Loading class java/net/URLClassLoader$3$1 done
Event: 0.218 Loading class java/util/LinkedHashMap$LinkedKeySet
Event: 0.218 Loading class java/util/LinkedHashMap$LinkedKeySet done
Event: 0.218 Loading class java/util/LinkedHashMap$LinkedKeyIterator
Event: 0.218 Loading class java/util/LinkedHashMap$LinkedKeyIterator done

Classes unloaded (0 events):
No events

Classes redefined (0 events):
No events

Internal exceptions (16 events):
Event: 0.088 Thread 0x0000027fa9cf7f70 Exception <a 'java/lang/NoSuchMethodError'{0x00000000e7ca63d0}: 'int java.lang.invoke.DirectMethodHandle$Holder.invokeSpecial(java.lang.Object, java.lang.Object, java.lang.Object)'> (0x00000000e7ca63d0) 
thrown [s\src\hotspot\share\interpreter\linkResolver.cpp, line 759]
Event: 0.166 Thread 0x0000027fa9cf7f70 Exception <a 'java/lang/NoSuchMethodError'{0x00000000e7909878}: 'java.lang.Object java.lang.invoke.DirectMethodHandle$Holder.invokeStaticInit(java.lang.Object)'> (0x00000000e7909878) 
thrown [s\src\hotspot\share\interpreter\linkResolver.cpp, line 759]
Event: 0.171 Thread 0x0000027fa9cf7f70 Exception <a 'java/lang/NullPointerException'{0x00000000e793b878}> (0x00000000e793b878) 
thrown [s\src\hotspot\share\interpreter\linkResolver.cpp, line 1350]
Event: 0.180 Thread 0x0000027fa9cf7f70 Exception <a 'java/lang/NoSuchMethodError'{0x00000000e7964a38}: 'void java.lang.invoke.DirectMethodHandle$Holder.invokeStatic(java.lang.Object, long, java.lang.Object)'> (0x00000000e7964a38) 
thrown [s\src\hotspot\share\interpreter\linkResolver.cpp, line 759]
Event: 0.181 Thread 0x0000027fa9cf7f70 Exception <a 'java/lang/NoSuchMethodError'{0x00000000e796aaa0}: 'java.lang.Object java.lang.invoke.DirectMethodHandle$Holder.newInvokeSpecial(java.lang.Object, long, java.lang.Object)'> (0x00000000e796aaa0) 
thrown [s\src\hotspot\share\interpreter\linkResolver.cpp, line 759]
Event: 0.182 Thread 0x0000027fa9cf7f70 Exception <a 'java/lang/NullPointerException'{0x00000000e78011d8}> (0x00000000e78011d8) 
thrown [s\src\hotspot\share\interpreter\linkResolver.cpp, line 1350]
Event: 0.182 Thread 0x0000027fa9cf7f70 Exception <a 'java/lang/NullPointerException'{0x00000000e78014b0}> (0x00000000e78014b0) 
thrown [s\src\hotspot\share\interpreter\linkResolver.cpp, line 1350]
Event: 0.182 Thread 0x0000027fa9cf7f70 Exception <a 'java/lang/NullPointerException'{0x00000000e7801788}> (0x00000000e7801788) 
thrown [s\src\hotspot\share\interpreter\linkResolver.cpp, line 1350]
Event: 0.183 Thread 0x0000027fa9cf7f70 Exception <a 'java/lang/NullPointerException'{0x00000000e7808120}> (0x00000000e7808120) 
thrown [s\src\hotspot\share\interpreter\linkResolver.cpp, line 1350]
Event: 0.184 Thread 0x0000027fa9cf7f70 Exception <a 'java/lang/NullPointerException'{0x00000000e781e138}> (0x00000000e781e138) 
thrown [s\src\hotspot\share\interpreter\linkResolver.cpp, line 1350]
Event: 0.184 Thread 0x0000027fa9cf7f70 Exception <a 'java/lang/NullPointerException'{0x00000000e781e410}> (0x00000000e781e410) 
thrown [s\src\hotspot\share\interpreter\linkResolver.cpp, line 1350]
Event: 0.184 Thread 0x0000027fa9cf7f70 Exception <a 'java/lang/NullPointerException'{0x00000000e781e6e8}> (0x00000000e781e6e8) 
thrown [s\src\hotspot\share\interpreter\linkResolver.cpp, line 1350]
Event: 0.184 Thread 0x0000027fa9cf7f70 Exception <a 'java/lang/NullPointerException'{0x00000000e781e9c0}> (0x00000000e781e9c0) 
thrown [s\src\hotspot\share\interpreter\linkResolver.cpp, line 1350]
Event: 0.198 Thread 0x0000027fa9cf7f70 Exception <a 'java/lang/NoSuchMethodError'{0x00000000e789fe58}: 'void java.lang.invoke.DirectMethodHandle$Holder.invokeStatic(java.lang.Object, java.lang.Object)'> (0x00000000e789fe58) 
thrown [s\src\hotspot\share\interpreter\linkResolver.cpp, line 759]
Event: 0.198 Thread 0x0000027fa9cf7f70 Exception <a 'java/lang/NoSuchMethodError'{0x00000000e78a3770}: 'void java.lang.invoke.DirectMethodHandle$Holder.invokeStaticInit(java.lang.Object, java.lang.Object)'> (0x00000000e78a3770) 
thrown [s\src\hotspot\share\interpreter\linkResolver.cpp, line 759]
Event: 0.205 Thread 0x0000027fa9cf7f70 Exception <a 'java/lang/NoSuchMethodError'{0x00000000e78dfb28}: 'void java.lang.invoke.DirectMethodHandle$Holder.invokeStatic(java.lang.Object, java.lang.Object, java.lang.Object)'> (0x00000000e78dfb28) 
thrown [s\src\hotspot\share\interpreter\linkResolver.cpp, line 759]

VM Operations (6 events):
Event: 0.060 Executing VM operation: HandshakeAllThreads
Event: 0.060 Executing VM operation: HandshakeAllThreads done
Event: 0.170 Executing VM operation: HandshakeAllThreads
Event: 0.170 Executing VM operation: HandshakeAllThreads done
Event: 0.178 Executing VM operation: HandshakeAllThreads
Event: 0.179 Executing VM operation: HandshakeAllThreads done

Events (15 events):
Event: 0.025 Thread 0x0000027fa9cf7f70 Thread added: 0x0000027fa9cf7f70
Event: 0.027 Thread 0x0000027fc7af8900 Thread added: 0x0000027fc7af8900
Event: 0.027 Thread 0x0000027fc7af94c0 Thread added: 0x0000027fc7af94c0
Event: 0.035 Thread 0x0000027fc7b11350 Thread added: 0x0000027fc7b11350
Event: 0.035 Thread 0x0000027fc7b13e20 Thread added: 0x0000027fc7b13e20
Event: 0.035 Thread 0x0000027fc7b167f0 Thread added: 0x0000027fc7b167f0
Event: 0.035 Thread 0x0000027fc7b177c0 Thread added: 0x0000027fc7b177c0
Event: 0.035 Thread 0x0000027fc7b19730 Thread added: 0x0000027fc7b19730
Event: 0.036 Thread 0x0000027fc7b2d4a0 Thread added: 0x0000027fc7b2d4a0
Event: 0.036 Thread 0x0000027fc7b3bb00 Thread added: 0x0000027fc7b3bb00
Event: 0.050 Thread 0x000002800d0d3fd0 Thread added: 0x000002800d0d3fd0
Event: 0.052 Thread 0x000002800d0e4d90 Thread added: 0x000002800d0e4d90
Event: 0.141 Thread 0x000002800d225640 Thread added: 0x000002800d225640
Event: 0.174 Thread 0x000002800d5e87a0 Thread added: 0x000002800d5e87a0
Event: 0.180 Thread 0x000002800d5e87a0 Thread exited: 0x000002800d5e87a0


Dynamic libraries:
0x00007ff723970000 - 0x00007ff72397e000 	C:\Program Files\OpenLogic\jdk-17.0.12.7-hotspot\bin\java.exe
0x00007ff8f8a70000 - 0x00007ff8f8c87000 	C:\WINDOWS\SYSTEM32\ntdll.dll
0x00007ff8f6aa0000 - 0x00007ff8f6b64000 	C:\WINDOWS\System32\KERNEL32.DLL
0x00007ff8f5fc0000 - 0x00007ff8f637a000 	C:\WINDOWS\System32\KERNELBASE.dll
0x00007ff8f5dd0000 - 0x00007ff8f5ee1000 	C:\WINDOWS\System32\ucrtbase.dll
0x00007ff8cd890000 - 0x00007ff8cd8ab000 	C:\Program Files\OpenLogic\jdk-17.0.12.7-hotspot\bin\VCRUNTIME140.dll
0x00007ff8e4770000 - 0x00007ff8e4787000 	C:\Program Files\OpenLogic\jdk-17.0.12.7-hotspot\bin\jli.dll
0x00007ff8f8380000 - 0x00007ff8f852f000 	C:\WINDOWS\System32\USER32.dll
0x00007ff8f5ef0000 - 0x00007ff8f5f16000 	C:\WINDOWS\System32\win32u.dll
0x00007ff8f8a00000 - 0x00007ff8f8a29000 	C:\WINDOWS\System32\GDI32.dll
0x00007ff8d2240000 - 0x00007ff8d24d2000 	C:\WINDOWS\WinSxS\amd64_microsoft.windows.common-controls_6595b64144ccf1df_6.0.22621.4291_none_2715d3a373803e45\COMCTL32.dll
0x00007ff8f64c0000 - 0x00007ff8f65db000 	C:\WINDOWS\System32\gdi32full.dll
0x00007ff8f81a0000 - 0x00007ff8f8247000 	C:\WINDOWS\System32\msvcrt.dll
0x00007ff8f5f20000 - 0x00007ff8f5fba000 	C:\WINDOWS\System32\msvcp_win.dll
0x00007ff8f87e0000 - 0x00007ff8f8811000 	C:\WINDOWS\System32\IMM32.DLL
0x00007ff8d68e0000 - 0x00007ff8d68ec000 	C:\Program Files\OpenLogic\jdk-17.0.12.7-hotspot\bin\vcruntime140_1.dll
0x00007ff8b7320000 - 0x00007ff8b73ad000 	C:\Program Files\OpenLogic\jdk-17.0.12.7-hotspot\bin\msvcp140.dll
0x00007ff87c2f0000 - 0x00007ff87cf5a000 	C:\Program Files\OpenLogic\jdk-17.0.12.7-hotspot\bin\server\jvm.dll
0x00007ff8f8820000 - 0x00007ff8f88d2000 	C:\WINDOWS\System32\ADVAPI32.dll
0x00007ff8f6780000 - 0x00007ff8f6828000 	C:\WINDOWS\System32\sechost.dll
0x00007ff8f65e0000 - 0x00007ff8f6608000 	C:\WINDOWS\System32\bcrypt.dll
0x00007ff8f88e0000 - 0x00007ff8f89f4000 	C:\WINDOWS\System32\RPCRT4.dll
0x00007ff8f6d40000 - 0x00007ff8f6db1000 	C:\WINDOWS\System32\WS2_32.dll
0x00007ff8f5c30000 - 0x00007ff8f5c7d000 	C:\WINDOWS\SYSTEM32\POWRPROF.dll
0x00007ff8ee420000 - 0x00007ff8ee42a000 	C:\WINDOWS\SYSTEM32\VERSION.dll
0x00007ff8ef150000 - 0x00007ff8ef184000 	C:\WINDOWS\SYSTEM32\WINMM.dll
0x00007ff8f5c10000 - 0x00007ff8f5c23000 	C:\WINDOWS\SYSTEM32\UMPDC.dll
0x00007ff8f4d70000 - 0x00007ff8f4d88000 	C:\WINDOWS\SYSTEM32\kernel.appcore.dll
0x00007ff8d4a60000 - 0x00007ff8d4a6a000 	C:\Program Files\OpenLogic\jdk-17.0.12.7-hotspot\bin\jimage.dll
0x00007ff8f3440000 - 0x00007ff8f3672000 	C:\WINDOWS\SYSTEM32\DBGHELP.DLL
0x00007ff8f7e10000 - 0x00007ff8f819f000 	C:\WINDOWS\System32\combase.dll
0x00007ff8f7880000 - 0x00007ff8f7957000 	C:\WINDOWS\System32\OLEAUT32.dll
0x00007ff8e2330000 - 0x00007ff8e2362000 	C:\WINDOWS\SYSTEM32\dbgcore.DLL
0x00007ff8f6380000 - 0x00007ff8f63fb000 	C:\WINDOWS\System32\bcryptPrimitives.dll
0x00007ff8c0d70000 - 0x00007ff8c0d95000 	C:\Program Files\OpenLogic\jdk-17.0.12.7-hotspot\bin\java.dll
0x00007ff8b73b0000 - 0x00007ff8b7486000 	C:\Program Files\OpenLogic\jdk-17.0.12.7-hotspot\bin\jsvml.dll
0x00007ff8f6f70000 - 0x00007ff8f77eb000 	C:\WINDOWS\System32\SHELL32.dll
0x00007ff8f3c70000 - 0x00007ff8f4579000 	C:\WINDOWS\SYSTEM32\windows.storage.dll
0x00007ff8f3b30000 - 0x00007ff8f3c6f000 	C:\WINDOWS\SYSTEM32\wintypes.dll
0x00007ff8f8280000 - 0x00007ff8f837a000 	C:\WINDOWS\System32\SHCORE.dll
0x00007ff8f6b80000 - 0x00007ff8f6bde000 	C:\WINDOWS\System32\shlwapi.dll
0x00007ff8f5c90000 - 0x00007ff8f5cbb000 	C:\WINDOWS\SYSTEM32\profapi.dll
0x00007ff8c2ca0000 - 0x00007ff8c2cb9000 	C:\Program Files\OpenLogic\jdk-17.0.12.7-hotspot\bin\net.dll
0x00007ff8f16b0000 - 0x00007ff8f17e6000 	C:\WINDOWS\SYSTEM32\WINHTTP.dll
0x00007ff8f51e0000 - 0x00007ff8f5249000 	C:\WINDOWS\system32\mswsock.dll
0x00007ff8c12a0000 - 0x00007ff8c12b6000 	C:\Program Files\OpenLogic\jdk-17.0.12.7-hotspot\bin\nio.dll
0x00007ff8c0d50000 - 0x00007ff8c0d68000 	C:\Program Files\OpenLogic\jdk-17.0.12.7-hotspot\bin\zip.dll
0x00007ff8d64d0000 - 0x00007ff8d64f4000 	C:\Program Files\apache\apache-maven-3.9.8-bin\apache-maven-3.9.8\lib\jansi-native\Windows\x86_64\jansi.dll
0x00007ff8d4810000 - 0x00007ff8d4820000 	C:\Program Files\OpenLogic\jdk-17.0.12.7-hotspot\bin\verify.dll

dbghelp: loaded successfully - version: 4.0.5 - missing functions: none
symbol engine: initialized successfully - sym options: 0x614 - pdb path: .;C:\Program Files\OpenLogic\jdk-17.0.12.7-hotspot\bin;C:\WINDOWS\SYSTEM32;C:\WINDOWS\WinSxS\amd64_microsoft.windows.common-controls_6595b64144ccf1df_6.0.22621.4291_none_2715d3a373803e45;C:\Program Files\OpenLogic\jdk-17.0.12.7-hotspot\bin\server;C:\Program Files\apache\apache-maven-3.9.8-bin\apache-maven-3.9.8\lib\jansi-native\Windows\x86_64

VM Arguments:
jvm_args: -Xmx512m -Dclassworlds.conf=C:\Program Files\apache\apache-maven-3.9.8-bin\apache-maven-3.9.8\bin\m2.conf -Dmaven.home=C:\Program Files\apache\apache-maven-3.9.8-bin\apache-maven-3.9.8 -Dlibrary.jansi.path=C:\Program Files\apache\apache-maven-3.9.8-bin\apache-maven-3.9.8\lib\jansi-native -Dmaven.multiModuleProjectDirectory=C:\Users\nerea\OneDrive\Documentos\NetBeansProjects\helloworld 
java_command: org.codehaus.plexus.classworlds.launcher.Launcher clean install
java_class_path (initial): C:\Program Files\apache\apache-maven-3.9.8-bin\apache-maven-3.9.8\boot\plexus-classworlds-2.8.0.jar
Launcher Type: SUN_STANDARD

[Global flags]
     intx CICompilerCount                          = 4                                         {product} {ergonomic}
     uint ConcGCThreads                            = 2                                         {product} {ergonomic}
     uint G1ConcRefinementThreads                  = 8                                         {product} {ergonomic}
   size_t G1HeapRegionSize                         = 1048576                                   {product} {ergonomic}
    uintx GCDrainStackTargetSize                   = 64                                        {product} {ergonomic}
   size_t InitialHeapSize                          = 132120576                                 {product} {ergonomic}
   size_t MarkStackSize                            = 4194304                                   {product} {ergonomic}
   size_t MaxHeapSize                              = 536870912                                 {product} {command line}
   size_t MaxNewSize                               = 321912832                                 {product} {ergonomic}
   size_t MinHeapDeltaBytes                        = 1048576                                   {product} {ergonomic}
   size_t MinHeapSize                              = 8388608                                   {product} {ergonomic}
    uintx NonNMethodCodeHeapSize                   = 5839372                                {pd product} {ergonomic}
    uintx NonProfiledCodeHeapSize                  = 122909434                              {pd product} {ergonomic}
    uintx ProfiledCodeHeapSize                     = 122909434                              {pd product} {ergonomic}
    uintx ReservedCodeCacheSize                    = 251658240                              {pd product} {ergonomic}
     bool SegmentedCodeCache                       = true                                      {product} {ergonomic}
   size_t SoftMaxHeapSize                          = 536870912                              {manageable} {ergonomic}
     bool UseCompressedClassPointers               = true                           {product lp64_product} {ergonomic}
     bool UseCompressedOops                        = true                           {product lp64_product} {ergonomic}
     bool UseG1GC                                  = true                                      {product} {ergonomic}
     bool UseLargePagesIndividualAllocation        = false                                  {pd product} {ergonomic}

Logging:
Log output configuration:
 #0: stdout all=warning uptime,level,tags
 #1: stderr all=off uptime,level,tags

Environment Variables:
JAVA_HOME=C:\Program Files\OpenLogic\jdk-17.0.12.7-hotspot\
PATH=C:\Program Files\OpenLogic\jdk-17.0.12.7-hotspot\bin;C:\WINDOWS\system32;C:\WINDOWS;C:\WINDOWS\System32\Wbem;C:\WINDOWS\System32\WindowsPowerShell\v1.0\;C:\WINDOWS\System32\OpenSSH\;C:\Users\omae1\AppData\Roaming\nvm;C:\Program Files\nodejs;C:\Program Files\nodejs\;C:\Program Files\HP\HP One Agent;c:\xampp\mysql\bin;C:\Program Files\apache\apache-maven-3.9.8-bin\apache-maven-3.9.8\bin;C:\Users\nerea\AppData\Local\Microsoft\WindowsApps;C:\Users\nerea\AppData\Local\Programs\Microsoft VS Code\bin;C:\Users\nerea\AppData\Local\Programs\Git\cmd;C:\Users\nerea\AppData\Roaming\npm
USERNAME=nerea
OS=Windows_NT
PROCESSOR_IDENTIFIER=Intel64 Family 6 Model 140 Stepping 1, GenuineIntel
TMP=C:\Users\nerea\AppData\Local\Temp
TEMP=C:\Users\nerea\AppData\Local\Temp



Periodic native trim disabled


---------------  S Y S T E M  ---------------

OS:
 Windows 11 , 64 bit Build 22621 (10.0.22621.4000)
OS uptime: 5 days 17:57 hours
Hyper-V role detected

CPU: total 8 (initial active 8) (4 cores per cpu, 2 threads per core) family 6 model 140 stepping 1 microcode 0xb4, cx8, cmov, fxsr, ht, mmx, 3dnowpref, sse, sse2, sse3, ssse3, sse4.1, sse4.2, popcnt, lzcnt, tsc, tscinvbit, avx, avx2, aes, erms, clmul, bmi1, bmi2, adx, avx512f, avx512dq, avx512cd, avx512bw, avx512vl, sha, fma, vzeroupper, avx512_vpopcntdq, avx512_vpclmulqdq, avx512_vaes, avx512_vnni, clflush, clflushopt, clwb, avx512_vbmi2, avx512_vbmi, hv
Processor Information for processor 0
  Max Mhz: 1997, Current Mhz: 1997, Mhz Limit: 1997
Processor Information for processor 1
  Max Mhz: 1997, Current Mhz: 1198, Mhz Limit: 1997
Processor Information for processor 2
  Max Mhz: 1997, Current Mhz: 1198, Mhz Limit: 1997
Processor Information for processor 3
  Max Mhz: 1997, Current Mhz: 1198, Mhz Limit: 1997
Processor Information for processor 4
  Max Mhz: 1997, Current Mhz: 1198, Mhz Limit: 1997
Processor Information for processor 5
  Max Mhz: 1997, Current Mhz: 1997, Mhz Limit: 1997
Processor Information for processor 6
  Max Mhz: 1997, Current Mhz: 1198, Mhz Limit: 1997
Processor Information for processor 7
  Max Mhz: 1997, Current Mhz: 1997, Mhz Limit: 1997

Memory: 4k page, system-wide physical 7975M (783M free)
TotalPageFile size 9867M (AvailPageFile size 2M)
current process WorkingSet (physical memory assigned to process): 50M, peak: 50M
current process commit charge ("private bytes"): 216M, peak: 216M

vm_info: OpenJDK 64-Bit Server VM (17.0.12+7-adhoc..jdk17u) for windows-amd64 JRE (17.0.12+7-adhoc..jdk17u), built on Jul 19 2024 06:16:42 by "" with MS VC++ 16.10 / 16.11 (VS2019)

END.
