#
# There is insufficient memory for the Java Runtime Environment to continue.
# Native memory allocation (mmap) failed to map 132120576 bytes. Error detail: G1 virtual space
# Possible reasons:
#   The system is out of physical RAM or swap space
#   This process is running with CompressedOops enabled, and the Java Heap may be blocking the growth of the native heap
# Possible solutions:
#   Reduce memory load on the system
#   Increase physical memory or swap space
#   Check if swap backing store is full
#   Decrease Java heap size (-Xmx/-Xms)
#   Decrease number of Java threads
#   Decrease Java thread stack sizes (-Xss)
#   Set larger code cache with -XX:ReservedCodeCacheSize=
#   JVM is running with Unscaled Compressed Oops mode in which the Java heap is
#     placed in the first 4GB address space. The Java Heap base address is the
#     maximum limit for the native heap growth. Please use -XX:HeapBaseMinAddress
#     to set the Java Heap base and to place the Java Heap above 4GB virtual address.
# This output file may be truncated or incomplete.
#
#  Out of Memory Error (os_windows.cpp:3613), pid=7920, tid=10312
#
# JRE version:  (17.0.12+7) (build )
# Java VM: OpenJDK 64-Bit Server VM (17.0.12+7-adhoc..jdk17u, mixed mode, sharing, tiered, compressed oops, compressed class ptrs, g1 gc, windows-amd64)
# No core dump will be written. Minidumps are not enabled by default on client versions of Windows
#

---------------  S U M M A R Y ------------

Command Line: -Xmx1024m -Dclassworlds.conf=C:\Program Files\apache\apache-maven-3.9.8-bin\apache-maven-3.9.8\bin\m2.conf -Dmaven.home=C:\Program Files\apache\apache-maven-3.9.8-bin\apache-maven-3.9.8 -Dlibrary.jansi.path=C:\Program Files\apache\apache-maven-3.9.8-bin\apache-maven-3.9.8\lib\jansi-native -Dmaven.multiModuleProjectDirectory=C:\Users\nerea\OneDrive\Documentos\NetBeansProjects\helloworld org.codehaus.plexus.classworlds.launcher.Launcher clean install

Host: 11th Gen Intel(R) Core(TM) i3-1125G4 @ 2.00GHz, 8 cores, 7G,  Windows 11 , 64 bit Build 22621 (10.0.22621.4000)
Time: Wed Oct 30 15:14:16 2024 Hora estándar de Argentina elapsed time: 0.018923 seconds (0d 0h 0m 0s)

---------------  T H R E A D  ---------------

Current thread (0x0000014ad8ba6e70):  JavaThread "Unknown thread" [_thread_in_vm, id=10312, stack(0x0000002ac8600000,0x0000002ac8700000)]

Stack: [0x0000002ac8600000,0x0000002ac8700000]
Native frames: (J=compiled Java code, j=interpreted, Vv=VM code, C=native code)
V  [jvm.dll+0x67f4f9]
V  [jvm.dll+0x836eaa]
V  [jvm.dll+0x83896e]
V  [jvm.dll+0x838fd3]
V  [jvm.dll+0x247f6f]
V  [jvm.dll+0x67c2b9]
V  [jvm.dll+0x670d7a]
V  [jvm.dll+0x307b5b]
V  [jvm.dll+0x30f046]
V  [jvm.dll+0x35f22e]
V  [jvm.dll+0x35f46f]
V  [jvm.dll+0x2deb7c]
V  [jvm.dll+0x2dfad4]
V  [jvm.dll+0x80870b]
V  [jvm.dll+0x36cfa1]
V  [jvm.dll+0x7e70f5]
V  [jvm.dll+0x3f0adf]
V  [jvm.dll+0x3f2631]
C  [jli.dll+0x528f]
C  [ucrtbase.dll+0x29333]
C  [KERNEL32.DLL+0x1257d]
C  [ntdll.dll+0x5af08]


---------------  P R O C E S S  ---------------

Threads class SMR info:
_java_thread_list=0x00007ff87ce26f18, length=0, elements={
}

Java Threads: ( => current thread )

Other Threads:
  0x0000014ad8be3d20 GCTaskThread "GC Thread#0" [stack: 0x0000002ac8700000,0x0000002ac8800000] [id=6356]
  0x0000014ad8becc70 ConcurrentGCThread "G1 Main Marker" [stack: 0x0000002ac8800000,0x0000002ac8900000] [id=15000]
  0x0000014ad8bed690 ConcurrentGCThread "G1 Conc#0" [stack: 0x0000002ac8900000,0x0000002ac8a00000] [id=16532]

[error occurred during error reporting (printing all threads), id 0xc0000005, EXCEPTION_ACCESS_VIOLATION (0xc0000005) at pc=0x00007ff87c5df277]

VM state: not at safepoint (not fully initialized)

VM Mutex/Monitor currently owned by a thread:  ([mutex/lock_event])
[0x0000014ad8ba34e0] Heap_lock - owner thread: 0x0000014ad8ba6e70

Heap address: 0x00000000c0000000, size: 1024 MB, Compressed Oops mode: 32-bit

CDS archive(s) mapped at: [0x0000000000000000-0x0000000000000000-0x0000000000000000), size 0, SharedBaseAddress: 0x0000000800000000, ArchiveRelocationMode: 1.
Narrow klass base: 0x0000000000000000, Narrow klass shift: 0, Narrow klass range: 0x0

GC Precious Log:
<Empty>

Heap:
 garbage-first heap   total 0K, used 0K [0x00000000c0000000, 0x0000000100000000)
  region size 1024K, 0 young (0K), 0 survivors (0K)

[error occurred during error reporting (printing heap information), id 0xc0000005, EXCEPTION_ACCESS_VIOLATION (0xc0000005) at pc=0x00007ff87c9c8829]

GC Heap History (0 events):
No events

Dll operation events (1 events):
Event: 0.012 Loaded shared library C:\Program Files\OpenLogic\jdk-17.0.12.7-hotspot\bin\java.dll

Deoptimization events (0 events):
No events

Classes loaded (0 events):
No events

Classes unloaded (0 events):
No events

Classes redefined (0 events):
No events

Internal exceptions (0 events):
No events

VM Operations (0 events):
No events

Events (0 events):
No events


Dynamic libraries:
0x00007ff723970000 - 0x00007ff72397e000 	C:\Program Files\OpenLogic\jdk-17.0.12.7-hotspot\bin\java.exe
0x00007ff8f8a70000 - 0x00007ff8f8c87000 	C:\WINDOWS\SYSTEM32\ntdll.dll
0x00007ff8f6aa0000 - 0x00007ff8f6b64000 	C:\WINDOWS\System32\KERNEL32.DLL
0x00007ff8f5fc0000 - 0x00007ff8f637a000 	C:\WINDOWS\System32\KERNELBASE.dll
0x00007ff8f5dd0000 - 0x00007ff8f5ee1000 	C:\WINDOWS\System32\ucrtbase.dll
0x00007ff8cd890000 - 0x00007ff8cd8ab000 	C:\Program Files\OpenLogic\jdk-17.0.12.7-hotspot\bin\VCRUNTIME140.dll
0x00007ff8e4770000 - 0x00007ff8e4787000 	C:\Program Files\OpenLogic\jdk-17.0.12.7-hotspot\bin\jli.dll
0x00007ff8f8380000 - 0x00007ff8f852f000 	C:\WINDOWS\System32\USER32.dll
0x00007ff8f5ef0000 - 0x00007ff8f5f16000 	C:\WINDOWS\System32\win32u.dll
0x00007ff8f8a00000 - 0x00007ff8f8a29000 	C:\WINDOWS\System32\GDI32.dll
0x00007ff8d2240000 - 0x00007ff8d24d2000 	C:\WINDOWS\WinSxS\amd64_microsoft.windows.common-controls_6595b64144ccf1df_6.0.22621.4291_none_2715d3a373803e45\COMCTL32.dll
0x00007ff8f64c0000 - 0x00007ff8f65db000 	C:\WINDOWS\System32\gdi32full.dll
0x00007ff8f81a0000 - 0x00007ff8f8247000 	C:\WINDOWS\System32\msvcrt.dll
0x00007ff8f5f20000 - 0x00007ff8f5fba000 	C:\WINDOWS\System32\msvcp_win.dll
0x00007ff8f87e0000 - 0x00007ff8f8811000 	C:\WINDOWS\System32\IMM32.DLL
0x00007ff8d68e0000 - 0x00007ff8d68ec000 	C:\Program Files\OpenLogic\jdk-17.0.12.7-hotspot\bin\vcruntime140_1.dll
0x00007ff8b7320000 - 0x00007ff8b73ad000 	C:\Program Files\OpenLogic\jdk-17.0.12.7-hotspot\bin\msvcp140.dll
0x00007ff87c2f0000 - 0x00007ff87cf5a000 	C:\Program Files\OpenLogic\jdk-17.0.12.7-hotspot\bin\server\jvm.dll
0x00007ff8f8820000 - 0x00007ff8f88d2000 	C:\WINDOWS\System32\ADVAPI32.dll
0x00007ff8f6780000 - 0x00007ff8f6828000 	C:\WINDOWS\System32\sechost.dll
0x00007ff8f65e0000 - 0x00007ff8f6608000 	C:\WINDOWS\System32\bcrypt.dll
0x00007ff8f88e0000 - 0x00007ff8f89f4000 	C:\WINDOWS\System32\RPCRT4.dll
0x00007ff8f6d40000 - 0x00007ff8f6db1000 	C:\WINDOWS\System32\WS2_32.dll
0x00007ff8f5c30000 - 0x00007ff8f5c7d000 	C:\WINDOWS\SYSTEM32\POWRPROF.dll
0x00007ff8ef150000 - 0x00007ff8ef184000 	C:\WINDOWS\SYSTEM32\WINMM.dll
0x00007ff8ee420000 - 0x00007ff8ee42a000 	C:\WINDOWS\SYSTEM32\VERSION.dll
0x00007ff8f5c10000 - 0x00007ff8f5c23000 	C:\WINDOWS\SYSTEM32\UMPDC.dll
0x00007ff8f4d70000 - 0x00007ff8f4d88000 	C:\WINDOWS\SYSTEM32\kernel.appcore.dll
0x00007ff8d4a60000 - 0x00007ff8d4a6a000 	C:\Program Files\OpenLogic\jdk-17.0.12.7-hotspot\bin\jimage.dll
0x00007ff8f3440000 - 0x00007ff8f3672000 	C:\WINDOWS\SYSTEM32\DBGHELP.DLL
0x00007ff8f7e10000 - 0x00007ff8f819f000 	C:\WINDOWS\System32\combase.dll
0x00007ff8f7880000 - 0x00007ff8f7957000 	C:\WINDOWS\System32\OLEAUT32.dll
0x00007ff8e2330000 - 0x00007ff8e2362000 	C:\WINDOWS\SYSTEM32\dbgcore.DLL
0x00007ff8f6380000 - 0x00007ff8f63fb000 	C:\WINDOWS\System32\bcryptPrimitives.dll
0x00007ff8c0d70000 - 0x00007ff8c0d95000 	C:\Program Files\OpenLogic\jdk-17.0.12.7-hotspot\bin\java.dll

dbghelp: loaded successfully - version: 4.0.5 - missing functions: none
symbol engine: initialized successfully - sym options: 0x614 - pdb path: .;C:\Program Files\OpenLogic\jdk-17.0.12.7-hotspot\bin;C:\WINDOWS\SYSTEM32;C:\WINDOWS\WinSxS\amd64_microsoft.windows.common-controls_6595b64144ccf1df_6.0.22621.4291_none_2715d3a373803e45;C:\Program Files\OpenLogic\jdk-17.0.12.7-hotspot\bin\server

VM Arguments:
jvm_args: -Xmx1024m -Dclassworlds.conf=C:\Program Files\apache\apache-maven-3.9.8-bin\apache-maven-3.9.8\bin\m2.conf -Dmaven.home=C:\Program Files\apache\apache-maven-3.9.8-bin\apache-maven-3.9.8 -Dlibrary.jansi.path=C:\Program Files\apache\apache-maven-3.9.8-bin\apache-maven-3.9.8\lib\jansi-native -Dmaven.multiModuleProjectDirectory=C:\Users\nerea\OneDrive\Documentos\NetBeansProjects\helloworld 
java_command: org.codehaus.plexus.classworlds.launcher.Launcher clean install
java_class_path (initial): C:\Program Files\apache\apache-maven-3.9.8-bin\apache-maven-3.9.8\boot\plexus-classworlds-2.8.0.jar
Launcher Type: SUN_STANDARD

[Global flags]
     intx CICompilerCount                          = 4                                         {product} {ergonomic}
     uint ConcGCThreads                            = 2                                         {product} {ergonomic}
     uint G1ConcRefinementThreads                  = 8                                         {product} {ergonomic}
   size_t G1HeapRegionSize                         = 1048576                                   {product} {ergonomic}
    uintx GCDrainStackTargetSize                   = 64                                        {product} {ergonomic}
   size_t InitialHeapSize                          = 132120576                                 {product} {ergonomic}
   size_t MarkStackSize                            = 4194304                                   {product} {ergonomic}
   size_t MaxHeapSize                              = 1073741824                                {product} {command line}
   size_t MinHeapDeltaBytes                        = 1048576                                   {product} {ergonomic}
   size_t MinHeapSize                              = 8388608                                   {product} {ergonomic}
    uintx NonNMethodCodeHeapSize                   = 5839372                                {pd product} {ergonomic}
    uintx NonProfiledCodeHeapSize                  = 122909434                              {pd product} {ergonomic}
    uintx ProfiledCodeHeapSize                     = 122909434                              {pd product} {ergonomic}
    uintx ReservedCodeCacheSize                    = 251658240                              {pd product} {ergonomic}
     bool SegmentedCodeCache                       = true                                      {product} {ergonomic}
   size_t SoftMaxHeapSize                          = 1073741824                             {manageable} {ergonomic}
     bool UseCompressedClassPointers               = true                           {product lp64_product} {ergonomic}
     bool UseCompressedOops                        = true                           {product lp64_product} {ergonomic}
     bool UseG1GC                                  = true                                      {product} {ergonomic}
     bool UseLargePagesIndividualAllocation        = false                                  {pd product} {ergonomic}

Logging:
Log output configuration:
 #0: stdout all=warning uptime,level,tags
 #1: stderr all=off uptime,level,tags

Environment Variables:
JAVA_HOME=C:\Program Files\OpenLogic\jdk-17.0.12.7-hotspot\
PATH=C:\Program Files\OpenLogic\jdk-17.0.12.7-hotspot\bin;C:\WINDOWS\system32;C:\WINDOWS;C:\WINDOWS\System32\Wbem;C:\WINDOWS\System32\WindowsPowerShell\v1.0\;C:\WINDOWS\System32\OpenSSH\;C:\Users\omae1\AppData\Roaming\nvm;C:\Program Files\nodejs;C:\Program Files\nodejs\;C:\Program Files\HP\HP One Agent;c:\xampp\mysql\bin;C:\Program Files\apache\apache-maven-3.9.8-bin\apache-maven-3.9.8\bin;C:\Users\nerea\AppData\Local\Microsoft\WindowsApps;C:\Users\nerea\AppData\Local\Programs\Microsoft VS Code\bin;C:\Users\nerea\AppData\Local\Programs\Git\cmd;C:\Users\nerea\AppData\Roaming\npm
USERNAME=nerea
OS=Windows_NT
PROCESSOR_IDENTIFIER=Intel64 Family 6 Model 140 Stepping 1, GenuineIntel
TMP=C:\Users\nerea\AppData\Local\Temp
TEMP=C:\Users\nerea\AppData\Local\Temp



Periodic native trim disabled


---------------  S Y S T E M  ---------------

OS:
 Windows 11 , 64 bit Build 22621 (10.0.22621.4000)
OS uptime: 5 days 17:57 hours
Hyper-V role detected

CPU: total 8 (initial active 8) (4 cores per cpu, 2 threads per core) family 6 model 140 stepping 1 microcode 0xb4, cx8, cmov, fxsr, ht, mmx, 3dnowpref, sse, sse2, sse3, ssse3, sse4.1, sse4.2, popcnt, lzcnt, tsc, tscinvbit, avx, avx2, aes, erms, clmul, bmi1, bmi2, adx, avx512f, avx512dq, avx512cd, avx512bw, avx512vl, sha, fma, vzeroupper, avx512_vpopcntdq, avx512_vpclmulqdq, avx512_vaes, avx512_vnni, clflush, clflushopt, clwb, avx512_vbmi2, avx512_vbmi, hv
Processor Information for processor 0
  Max Mhz: 1997, Current Mhz: 1997, Mhz Limit: 1997
Processor Information for processor 1
  Max Mhz: 1997, Current Mhz: 1997, Mhz Limit: 1997
Processor Information for processor 2
  Max Mhz: 1997, Current Mhz: 1198, Mhz Limit: 1997
Processor Information for processor 3
  Max Mhz: 1997, Current Mhz: 1198, Mhz Limit: 1997
Processor Information for processor 4
  Max Mhz: 1997, Current Mhz: 1997, Mhz Limit: 1997
Processor Information for processor 5
  Max Mhz: 1997, Current Mhz: 1198, Mhz Limit: 1997
Processor Information for processor 6
  Max Mhz: 1997, Current Mhz: 1198, Mhz Limit: 1997
Processor Information for processor 7
  Max Mhz: 1997, Current Mhz: 1198, Mhz Limit: 1997

Memory: 4k page, system-wide physical 7975M (793M free)
TotalPageFile size 9867M (AvailPageFile size 121M)
current process WorkingSet (physical memory assigned to process): 11M, peak: 11M
current process commit charge ("private bytes"): 60M, peak: 186M

vm_info: OpenJDK 64-Bit Server VM (17.0.12+7-adhoc..jdk17u) for windows-amd64 JRE (17.0.12+7-adhoc..jdk17u), built on Jul 19 2024 06:16:42 by "" with MS VC++ 16.10 / 16.11 (VS2019)

END.
